Log file open, 06/30/17 11:15:17
LogInit:Display: Running engine for game: Hunter
LogPlatformFile: Not using cached read wrapper
LogInit:Display: RandInit(1740317264) SRandInit(1740317264).
LogTaskGraph: Started task graph with 5 named threads and 8 total threads with 1 sets of task threads.
LogStats: Stats thread started at 0.087352
LogInit: Using libcurl 7.47.1
LogInit:  - built for x86_64-pc-win32
LogInit:  - supports SSL with OpenSSL/1.0.2g
LogInit:  - supports HTTP deflate (compression) using libz 1.2.8
LogInit:  - other features:
LogInit:      CURL_VERSION_SSL
LogInit:      CURL_VERSION_LIBZ
LogInit:      CURL_VERSION_IPV6
LogInit:      CURL_VERSION_ASYNCHDNS
LogInit:      CURL_VERSION_LARGEFILE
LogInit:      CURL_VERSION_IDN
LogInit:  CurlRequestOptions (configurable via config and command line):
LogInit:  - bVerifyPeer = false  - Libcurl will NOT verify peer certificate
LogInit:  - bUseHttpProxy = false  - Libcurl will NOT use HTTP proxy
LogInit:  - bDontReuseConnections = false  - Libcurl will reuse connections
LogInit:  - CertBundlePath = nullptr  - Libcurl will use whatever was configured at build time.
LogInit: Build: ++UE4+Release-4.16-CL-3466753
LogInit: Engine Version: 4.16.1-3466753+++UE4+Release-4.16
LogInit: Compatible Engine Version: 4.16.0-3452394+++UE4+Release-4.16
LogInit: Net CL: 3452394
LogDevObjectVersion: Number of dev versions registered: 16
LogDevObjectVersion:   Dev-Blueprints (B0D832E4-1F89-4F0D-ACCF-7EB736FD4AA2): 9
LogDevObjectVersion:   Dev-Build (E1C64328-A22C-4D53-A36C-8E866417BD8C): 0
LogDevObjectVersion:   Dev-Core (375EC13C-06E4-48FB-B500-84F0262A717E): 2
LogDevObjectVersion:   Dev-Editor (E4B068ED-F494-42E9-A231-DA0B2E46BB41): 17
LogDevObjectVersion:   Dev-Framework (CFFC743F-43B0-4480-9391-14DF171D2073): 23
LogDevObjectVersion:   Dev-Mobile (B02B49B5-BB20-44E9-A304-32B752E40360): 0
LogDevObjectVersion:   Dev-Networking (A4E4105C-59A1-49B5-A7C5-40C4547EDFEE): 0
LogDevObjectVersion:   Dev-Online (39C831C9-5AE6-47DC-9A44-9C173E1C8E7C): 0
LogDevObjectVersion:   Dev-Physics (78F01B33-EBEA-4F98-B9B4-84EACCB95AA2): 0
LogDevObjectVersion:   Dev-Platform (6631380F-2D4D-43E0-8009-CF276956A95A): 0
LogDevObjectVersion:   Dev-Rendering (12F88B9F-8875-4AFC-A67C-D90C383ABD29): 15
LogDevObjectVersion:   Dev-Sequencer (7B5AE74C-D270-4C10-A958-57980B212A5A): 4
LogDevObjectVersion:   Dev-VR (D7296918-1DD6-4BDD-9DE2-64A83CC13884): 0
LogDevObjectVersion:   Dev-LoadTimes (C2A15278-BFE7-4AFE-6C17-90FF531DF755): 1
LogDevObjectVersion:   Private-Geometry (6EACA3D4-40EC-4CC1-B786-8BED09428FC5): 1
LogDevObjectVersion:   Dev-AnimPhys (29E575DD-E0A3-4627-9D10-D276232CDCEA): 3
LogInit: Compiled (64-bit): May 31 2017 02:03:30
LogInit: Compiled with Visual C++: 19.00.24215.01
LogInit: Build Configuration: Development
LogInit: Branch Name: ++UE4+Release-4.16
LogInit: Command line: -EpicPortal 
LogInit: Base directory: E:/Program Files/Epic Games/UE_4.16/Engine/Binaries/Win64/
LogInit: Installed Engine Build: 1
LogInit: Presizing for max 8388607 objects, including 0 objects not considered by GC, pre-allocating 0 bytes for permanent pool.
LogInit: Object subsystem initialized
[2017.06.30-10.15.18:237][  0]LogInit: Selected Device Profile: [Windows]
[2017.06.30-10.15.18:237][  0]LogInit: Applying CVar settings loaded from the selected device profile: [Windows]
[2017.06.30-10.15.18:246][  0]LogInit: Computer: SNOOP-PC
[2017.06.30-10.15.18:246][  0]LogInit: User: Snoop
[2017.06.30-10.15.18:246][  0]LogInit: CPU Page size=4096, Cores=4
[2017.06.30-10.15.18:246][  0]LogInit: High frequency timer resolution =3.410253 MHz
[2017.06.30-10.15.18:247][  0]LogMemory: Memory total: Physical=16.0GB (16GB approx)
[2017.06.30-10.15.18:247][  0]LogMemory: Platform Memory Stats for Windows
[2017.06.30-10.15.18:247][  0]LogMemory: Process Physical Memory: 274.83 MB used, 274.83 MB peak
[2017.06.30-10.15.18:247][  0]LogMemory: Process Virtual Memory: 264.68 MB used, 264.68 MB peak
[2017.06.30-10.15.18:247][  0]LogMemory: Physical Memory: 4794.00 MB used,  11538.88 MB free, 16332.88 MB total
[2017.06.30-10.15.18:247][  0]LogMemory: Virtual Memory: 624.41 MB used,  11538.88 MB free, 8388608.00 MB total
[2017.06.30-10.15.18:329][  0]LogInit: Using OS detected language (en-US).
[2017.06.30-10.15.18:329][  0]LogInit: Using OS detected locale (en-US).
[2017.06.30-10.15.18:332][  0]LogTextLocalizationManager: No specific localization for 'en-US' exists, so the 'en' localization will be used.
[2017.06.30-10.15.19:243][  0]LogD3D11RHI: D3D11 adapters:
[2017.06.30-10.15.19:275][  0]LogD3D11RHI:    0. 'NVIDIA GeForce GTX 560' (Feature Level 11_0)
[2017.06.30-10.15.19:275][  0]LogD3D11RHI:       979/0/3071 MB DedicatedVideo/DedicatedSystem/SharedSystem, Outputs:1, VendorId:0x10de
[2017.06.30-10.15.19:275][  0]LogD3D11RHI: Chosen D3D11 Adapter: 0
[2017.06.30-10.15.19:279][  0]LogD3D11RHI: Creating new Direct3DDevice
[2017.06.30-10.15.19:279][  0]LogD3D11RHI:     GPU DeviceId: 0x1201 (for the marketing name, search the web for "GPU Device Id")
[2017.06.30-10.15.19:279][  0]LogWindows: EnumDisplayDevices:
[2017.06.30-10.15.19:279][  0]LogWindows:    0. 'NVIDIA GeForce GTX 560' (P:1 D:1)
[2017.06.30-10.15.19:279][  0]LogWindows:    1. 'NVIDIA GeForce GTX 560' (P:0 D:0)
[2017.06.30-10.15.19:279][  0]LogWindows:    2. 'RDPDD Chained DD' (P:0 D:0)
[2017.06.30-10.15.19:279][  0]LogWindows:    3. 'RDP Encoder Mirror Driver' (P:0 D:0)
[2017.06.30-10.15.19:279][  0]LogWindows:    4. 'RDP Reflector Display Driver' (P:0 D:0)
[2017.06.30-10.15.19:279][  0]LogWindows: DebugString: GetVideoDriverDetailsInvalid PrimaryIsNotTheChoosenAdapter GetVideoDriverDetailsInvalid PrimaryIsNotTheChoosenAdapter GetVideoDriverDetailsInvalid PrimaryIsNotTheChoosenAdapter FoundDriverCount:2 
[2017.06.30-10.15.19:279][  0]LogD3D11RHI:     Adapter Name: NVIDIA GeForce GTX 560
[2017.06.30-10.15.19:279][  0]LogD3D11RHI:   Driver Version: 378.92 (internal:21.21.13.7892, unified:378.92)
[2017.06.30-10.15.19:279][  0]LogD3D11RHI:      Driver Date: 3-16-2017
[2017.06.30-10.15.19:279][  0]LogRHI: Texture pool is 685 MB (70% of 979 MB)
[2017.06.30-10.15.19:288][  0]LogD3D11RHI:Display: Timestamp queries are currently disabled on this hardware due to instability. Realtime GPU stats will not be available. You can override this behaviour by setting r.NVIDIATimestampWorkaround to 0
[2017.06.30-10.15.19:289][  0]LogD3D11RHI: Async texture creation enabled
[2017.06.30-10.15.19:303][  0]LogD3D11RHI: GPU Timing Frequency: 1000.000000 (Debug: 2 2)
[2017.06.30-10.15.19:349][  0]LogShaderCompilers: Guid format shader working directory is -16 characters bigger than the processId version (../../../../../../Users/Snoop/Documents/Unreal Projects/Hunter/Intermediate/Shaders/WorkingDirectory/7904/).
[2017.06.30-10.15.19:349][  0]LogShaderCompilers: Cleaned the shader compiler working directory 'C:/Users/Snoop/AppData/Local/Temp/UnrealShaderWorkingDir/C2F1602E4AE66900C44F9FABA69CACBE/'.
[2017.06.30-10.15.19:349][  0]LogShaderCompilers:Display: Using Local Shader Compiler.
[2017.06.30-10.15.20:363][  0]LogTemp:Display: Loaded TP AllDesktopTargetPlatform
[2017.06.30-10.15.20:412][  0]LogTemp:Display: Loaded TP MacClientTargetPlatform
[2017.06.30-10.15.20:459][  0]LogTemp:Display: Loaded TP MacNoEditorTargetPlatform
[2017.06.30-10.15.20:507][  0]LogTemp:Display: Loaded TP MacServerTargetPlatform
[2017.06.30-10.15.20:554][  0]LogTemp:Display: Loaded TP MacTargetPlatform
[2017.06.30-10.15.20:602][  0]LogTemp:Display: Loaded TP WindowsClientTargetPlatform
[2017.06.30-10.15.20:649][  0]LogTemp:Display: Loaded TP WindowsNoEditorTargetPlatform
[2017.06.30-10.15.20:698][  0]LogTemp:Display: Loaded TP WindowsServerTargetPlatform
[2017.06.30-10.15.20:739][  0]LogTemp:Display: Loaded TP WindowsTargetPlatform
[2017.06.30-10.15.20:786][  0]LogTemp:Display: Loaded TP AndroidTargetPlatform
[2017.06.30-10.15.20:833][  0]LogTemp:Display: Loaded TP Android_ASTCTargetPlatform
[2017.06.30-10.15.20:879][  0]LogTemp:Display: Loaded TP Android_ATCTargetPlatform
[2017.06.30-10.15.20:925][  0]LogTemp:Display: Loaded TP Android_DXTTargetPlatform
[2017.06.30-10.15.20:972][  0]LogTemp:Display: Loaded TP Android_ETC1TargetPlatform
[2017.06.30-10.15.21:017][  0]LogTemp:Display: Loaded TP Android_ETC2TargetPlatform
[2017.06.30-10.15.21:110][  0]LogTemp:Display: Loaded TP Android_MultiTargetPlatform
[2017.06.30-10.15.21:110][  0]LogTemp:Display: Loaded TP Android_PVRTCTargetPlatform
[2017.06.30-10.15.21:145][  0]LogTemp:Display: Loaded TP HTML5TargetPlatform
[2017.06.30-10.15.21:229][  0]LogTemp:Display: Loaded TP IOSTargetPlatform
[2017.06.30-10.15.21:254][  0]LogTemp:Display: Loaded TP TVOSTargetPlatform
[2017.06.30-10.15.21:301][  0]LogTemp:Display: Loaded TP LinuxClientTargetPlatform
[2017.06.30-10.15.21:349][  0]LogTemp:Display: Loaded TP LinuxNoEditorTargetPlatform
[2017.06.30-10.15.21:398][  0]LogTemp:Display: Loaded TP LinuxServerTargetPlatform
[2017.06.30-10.15.21:445][  0]LogTemp:Display: Loaded TP LinuxTargetPlatform
[2017.06.30-10.15.21:445][  0]LogTargetPlatformManager:Display: Building Assets For Windows
[2017.06.30-10.15.21:879][  0]LogDerivedDataCache:Display: Max Cache Size: 512 MB
[2017.06.30-10.15.21:965][  0]LogDerivedDataCache: Loaded boot cache 0.09s 90MB C:/Users/Snoop/AppData/Local/UnrealEngine/4.16/DerivedDataCache/Boot.ddc.
[2017.06.30-10.15.21:965][  0]LogDerivedDataCache:Display: Loaded Boot cache: C:/Users/Snoop/AppData/Local/UnrealEngine/4.16/DerivedDataCache/Boot.ddc
[2017.06.30-10.15.21:965][  0]LogDerivedDataCache: FDerivedDataBackendGraph:  Pak pak cache file ../../../../../../Users/Snoop/Documents/Unreal Projects/Hunter/DerivedDataCache/DDC.ddp not found, will not use a pak cache.
[2017.06.30-10.15.21:965][  0]LogDerivedDataCache: Unable to find inner node Pak for hierarchical cache Hierarchy.
[2017.06.30-10.15.21:966][  0]LogDerivedDataCache: FDerivedDataBackendGraph:  CompressedPak pak cache file ../../../../../../Users/Snoop/Documents/Unreal Projects/Hunter/DerivedDataCache/Compressed.ddp not found, will not use a pak cache.
[2017.06.30-10.15.21:966][  0]LogDerivedDataCache: Unable to find inner node CompressedPak for hierarchical cache Hierarchy.
[2017.06.30-10.15.21:982][  0]LogDerivedDataCache:Display: Pak cache opened for reading ../../../Engine/DerivedDataCache/Compressed.ddp.
[2017.06.30-10.15.21:994][  0]LogDerivedDataCache: Using Local data cache path C:/Users/Snoop/AppData/Local/UnrealEngine/Common/DerivedDataCache: Writable
[2017.06.30-10.15.22:004][  0]LogMaterial: Verifying Global Shaders for PCD3D_SM5
[2017.06.30-10.15.22:004][  0]LogSlate: Using Freetype 2.6.0
[2017.06.30-10.15.22:005][  0]LogSlate: SlateFontCache - WITH_FREETYPE: 1, WITH_HARFBUZZ: 1
[2017.06.30-10.15.22:005][  0]LogSlate: SlateFontCache - WITH_FREETYPE: 1, WITH_HARFBUZZ: 1
[2017.06.30-10.15.22:401][  0]LogInit: Selected Device Profile: [Windows]
[2017.06.30-10.15.22:404][  0]LogContentStreaming: Texture pool size is 0.00 MB
[2017.06.30-10.15.22:628][  0]LogMeshUtilities: Using QuadricMeshReduction for automatic static mesh reduction
[2017.06.30-10.15.22:671][  0]LogSimplygon: Simplygon DLL not present - disabling.
[2017.06.30-10.15.22:719][  0]LogMeshUtilities: Using SimplygonSwarm for distributed automatic mesh merging
[2017.06.30-10.15.22:719][  0]LogMeshUtilities: No automatic skeletal mesh reduction module available
[2017.06.30-10.15.22:719][  0]LogMeshUtilities: No automatic mesh merging module available
[2017.06.30-10.15.23:200][  0]LogNetVersion: Hunter , NetCL: 3452394, EngineNetVer: 2, GameNetVer: 0 (Checksum: 3400572679)
[2017.06.30-10.15.23:259][  0]LogAssetRegistry: FAssetRegistry took 0.0238 seconds to start up
[2017.06.30-10.15.23:302][  0]LogPackageLocalizationCache: Processed 4 localized package path(s) for 2 prioritized culture(s) in 0.026083 seconds
[2017.06.30-10.15.23:307][  0]LogUObjectArray: 34194 objects as part of root set at end of initial load.
[2017.06.30-10.15.23:307][  0]LogUObjectAllocator: 7260424 out of 0 bytes used by permanent object pool.
[2017.06.30-10.15.23:307][  0]LogUObjectArray: CloseDisregardForGC: 0/0 objects in disregard for GC pool
[2017.06.30-10.15.23:364][  0]LogInit: WinSock: version 1.1 (2.2), MaxSocks=32767, MaxUdp=65467
[2017.06.30-10.15.25:622][  0]LogTcpMessaging: Initializing TcpMessaging bridge
[2017.06.30-10.15.25:658][  0]LogUdpMessaging: Initializing bridge on interface 0.0.0.0:0 to multicast group 230.0.0.1:6666.
[2017.06.30-10.15.26:187][  0]LogMaterial: Uniform references updated for custom material expression Custom.
[2017.06.30-10.15.26:565][  0]SourceControl: Info Source control is disabled
[2017.06.30-10.15.26:581][  0]SourceControl: Info Source control is disabled
[2017.06.30-10.15.26:628][  0]SourceControl: Info Source control is disabled
[2017.06.30-10.15.26:676][  0]SourceControl: Info Source control is disabled
[2017.06.30-10.15.27:319][  0]LogAndroidPermission: UAndroidPermissionCallbackProxy::GetInstance
[2017.06.30-10.15.27:883][  0]LogEngine: Initializing Engine...
[2017.06.30-10.15.27:884][  0]LogHMD: Failed to initialize OpenVR with code 110
[2017.06.30-10.15.28:075][  0]LogStats: UGameplayTagsManager::ConstructGameplayTagTree: Construct from data asset -  0.000 s
[2017.06.30-10.15.28:075][  0]LogStats: UGameplayTagsManager::ConstructGameplayTagTree: GameplayTagTreeChangedEvent.Broadcast -  0.000 s
[2017.06.30-10.15.28:192][  0]LogAIModule: Creating AISystem for world Untitled
[2017.06.30-10.15.28:210][  0]LogInit: XAudio2 using 'LG TV-14 (NVIDIA High Definition Audio)' : 2 channels at 48 kHz using 16 bits per sample (channel mask 0x3)
[2017.06.30-10.15.28:249][  0]LogInit: FAudioDevice initialized.
[2017.06.30-10.15.28:292][  0]LogDerivedDataCache: Saved boot cache 0.04s 90MB C:/Users/Snoop/AppData/Local/UnrealEngine/4.16/DerivedDataCache/Boot.ddc.
[2017.06.30-10.15.28:298][  0]LogInit: Texture streaming: Enabled
[2017.06.30-10.15.28:377][  0]LogEngineSessionManager: EngineSessionManager initialized
[2017.06.30-10.15.28:570][  0]LogInit: Transaction tracking system initialized
[2017.06.30-10.15.28:846][  0]BlueprintLog: New page: Editor Load
[2017.06.30-10.15.29:679][  0]LocalizationService: Info Localization service is disabled
[2017.06.30-10.15.30:583][  0]LogConsoleResponse:Display: 
[2017.06.30-10.15.30:717][  0]LogCook:Display: Max memory allowance for cook 16384mb min free memory 0mb
[2017.06.30-10.15.30:717][  0]LogCook:Display: Mobile HDR setting 1
[2017.06.30-10.15.30:849][  0]LogFileCache: Scanning file cache for directory 'E:/Users/Snoop/Documents/Unreal Projects/Hunter/Content/' took 0.02s
[2017.06.30-10.15.31:656][  0]SourceControl: Info Source control is disabled
[2017.06.30-10.15.31:656][  0]Cmd: MAP LOAD FILE="../../../../../../Users/Snoop/Documents/Unreal Projects/Hunter/Content/StarterContent/Maps/Minimal_Default.umap" TEMPLATE=0 SHOWPROGRESS=1 FEATURELEVEL=3
[2017.06.30-10.15.31:656][  0]LightingResults: New page: Lighting Build
[2017.06.30-10.15.31:693][  0]MapCheck: New page: Map Check
[2017.06.30-10.15.31:693][  0]LightingResults: New page: Lighting Build
[2017.06.30-10.15.32:676][  0]LogAIModule: Creating AISystem for world Minimal_Default
[2017.06.30-10.15.33:207][  0]LogEditorServer: Finished looking for orphan Actors (0.000 secs)
[2017.06.30-10.15.33:221][  0]Cmd: MAP CHECKDEP NOCLEARLOG
[2017.06.30-10.15.33:280][  0]MapCheck: Info Map check complete: 0 Error(s), 0 Warning(s), took 58.758ms to complete.
[2017.06.30-10.15.33:280][  0]LogFileHelpers: Loading map 'Minimal_Default' took 1.624
[2017.06.30-10.15.33:420][  0]LogCollectionManager: Loaded 0 collections in 0.001825 seconds
[2017.06.30-10.15.33:510][  0]LogFileCache: Scanning file cache for directory 'E:/Users/Snoop/Documents/Unreal Projects/Hunter/Saved/Collections/' took 0.01s
[2017.06.30-10.15.33:510][  0]LogFileCache: Scanning file cache for directory 'E:/Users/Snoop/Documents/Unreal Projects/Hunter/Content/Developers/Snoop/Collections/' took 0.01s
[2017.06.30-10.15.33:510][  0]LogFileCache: Scanning file cache for directory 'E:/Users/Snoop/Documents/Unreal Projects/Hunter/Content/Collections/' took 0.01s
[2017.06.30-10.15.33:510][  0]LogCollectionManager: Rebuilt the GUID cache for 0 collections in 0.000002 seconds
[2017.06.30-10.15.33:520][  0]LogContentBrowser: Native class hierarchy populated in 0.0091 seconds. Added 2329 classes and 491 folders.
[2017.06.30-10.15.33:578][  0]LogContentBrowser: Native class hierarchy updated for 'WidgetCarousel' in 0.0006 seconds. Added 0 classes and 0 folders.
[2017.06.30-10.15.33:626][  0]LogContentBrowser: Native class hierarchy updated for 'AddContentDialog' in 0.0006 seconds. Added 0 classes and 0 folders.
[2017.06.30-10.15.33:668][  0]LogContentBrowser: Native class hierarchy updated for 'SceneOutliner' in 0.0006 seconds. Added 1 classes and 2 folders.
[2017.06.30-10.15.33:755][  0]LogCrashTracker: Crashtracker disabled due to settings.
[2017.06.30-10.15.33:760][  0]LogSlate: Took 0.000242 seconds to synchronously load lazily loaded font '../../../Engine/Content/Slate/Fonts/Roboto-Regular.ttf' (155K)
[2017.06.30-10.15.33:764][  0]LogSlate: Took 0.000254 seconds to synchronously load lazily loaded font '../../../Engine/Content/Slate/Fonts/Roboto-Bold.ttf' (160K)
[2017.06.30-10.15.33:766][  0]LogSlate: Took 0.000195 seconds to synchronously load lazily loaded font '../../../Engine/Content/Editor/Slate/Fonts/FontAwesome.ttf' (139K)
[2017.06.30-10.15.33:851][  0]LogRenderer: Reallocating scene render targets to support 1136x340 NumSamples 1 (Frame:1).
[2017.06.30-10.15.34:021][  0]LogUObjectGlobals:Warning: Failed to find object 'Class None.'
[2017.06.30-10.15.34:082][  0]LogContentBrowser: Native class hierarchy updated for 'HierarchicalLODOutliner' in 0.0006 seconds. Added 1 classes and 2 folders.
[2017.06.30-10.15.34:082][  0]LogLoad: (Engine Initialization) Total time: 17.43 seconds
[2017.06.30-10.15.34:082][  0]LogLoad: (Engine Initialization) Total Blueprint compile time: 0.10 seconds
[2017.06.30-10.15.34:082][  0]LogExternalProfiler: No external profilers were discovered.  External profiling features will not be available.
[2017.06.30-10.15.34:091][  0]LogOcInput: OculusInput pre-init called
[2017.06.30-10.15.34:091][  0]LogHMD: Starting GearVRController plugin
[2017.06.30-10.15.34:111][  0]LogContentStreaming: Texture pool size now 400 MB
[2017.06.30-10.15.34:173][  1]LogAssetRegistry: Asset discovery search completed in 10.9340 seconds
[2017.06.30-10.15.34:175][  1]LogCollectionManager: Rebuilt the object cache for 0 collections in 0.000001 seconds (found 0 objects)
[2017.06.30-10.15.34:175][  1]LogCollectionManager: Fixed up redirectors for 0 collections in 0.000025 seconds (updated 0 objects)
[2017.06.30-10.15.49:457][513]LogSlate: Took 0.000254 seconds to synchronously load lazily loaded font '../../../Engine/Content/Slate/Fonts/Roboto-Light.ttf' (159K)
[2017.06.30-10.15.51:445][669]AssetReimport: New page: Outstanding source content changes 12:15:51 PM
[2017.06.30-10.15.51:448][669]LogFactory: FactoryCreateFile: StaticMesh with FbxFactory (0 0 E:/Users/Snoop/Documents/Unreal Projects/Hunter/Content/Characters/Characters.fbx)
[2017.06.30-10.15.51:454][669]LogFbx: ItemName: GlobalSettings, ItemCount : 1
[2017.06.30-10.15.51:454][669]LogFbx: ItemName: NodeAttribute, ItemCount : 7
[2017.06.30-10.15.51:454][669]LogFbx: ItemName: Geometry, ItemCount : 1
[2017.06.30-10.15.51:454][669]LogFbx: ItemName: Model, ItemCount : 8
[2017.06.30-10.15.51:454][669]LogFbx: ItemName: Pose, ItemCount : 1
[2017.06.30-10.15.51:454][669]LogFbx: ItemName: Deformer, ItemCount : 7
[2017.06.30-10.15.51:454][669]LogFbx: ItemName: Material, ItemCount : 1
[2017.06.30-10.15.51:454][669]LogFbx: ItemName: AnimationStack, ItemCount : 16
[2017.06.30-10.15.51:454][669]LogFbx: ItemName: AnimationLayer, ItemCount : 16
[2017.06.30-10.15.51:454][669]LogFbx: ItemName: AnimationCurveNode, ItemCount : 336
[2017.06.30-10.15.51:454][669]LogFbx: ItemName: AnimationCurve, ItemCount : 1008
[2017.06.30-10.15.51:459][669]LogFbx: Loading FBX Scene from E:/Users/Snoop/Documents/Unreal Projects/Hunter/Content/Characters/Characters.fbx
[2017.06.30-10.15.51:497][669]LogFbx: FBX Scene Loaded Succesfully
[2017.06.30-10.15.58:333][669]LogFbx: Loading FBX Scene from E:/Users/Snoop/Documents/Unreal Projects/Hunter/Content/Characters/Characters.fbx
[2017.06.30-10.15.58:379][669]LogFbx: FBX Scene Loaded Succesfully
[2017.06.30-10.15.58:383][669]LogFbx: =================================================
[2017.06.30-10.15.58:383][669]LogFbx: Dumping Node START [Cube.005] 
[2017.06.30-10.15.58:383][669]LogFbx: 	Total Deformer Count 1695451696.
[2017.06.30-10.15.58:383][669]LogFbx: 		[Node 1] pLAYERaRMATURE1 (Type Skin).
[2017.06.30-10.15.58:383][669]LogFbx: =================================================
[2017.06.30-10.15.58:383][669]LogFbx: 	Attribute (Cube.000) Type (4).
[2017.06.30-10.15.58:383][669]LogFbx: 		[Node Attribute Child 1] Cube.005 (Type Mesh).
[2017.06.30-10.15.58:383][669]LogFbx: Dumping Node END [Cube.005]
[2017.06.30-10.15.58:383][669]LogFbx: =================================================
[2017.06.30-10.15.58:383][669]LogFbx: Dumping Node START [Cube.005] 
[2017.06.30-10.15.58:383][669]LogFbx: 	Total Deformer Count 1695450576.
[2017.06.30-10.15.58:383][669]LogFbx: 		[Node 1] pLAYERaRMATURE1 (Type Skin).
[2017.06.30-10.15.58:383][669]LogFbx: =================================================
[2017.06.30-10.15.58:383][669]LogFbx: 	Attribute (Cube.000) Type (4).
[2017.06.30-10.15.58:383][669]LogFbx: 		[Node Attribute Child 1] Cube.005 (Type Mesh).
[2017.06.30-10.15.58:383][669]LogFbx: Dumping Node END [Cube.005]
[2017.06.30-10.15.58:383][669]LogFbx: Valid bind pose for Pose (FbxSDKBindPose) - Cube.005
[2017.06.30-10.15.58:384][669]LogFbx: Triangulating skeletal mesh Cube.005
[2017.06.30-10.15.58:946][669]LogSkeletalMesh: Section 0: 4044 vertices, 6 active bones
[2017.06.30-10.15.58:949][669]LogSkeletalMesh: Section 0: Material=0, 4863 triangles
[2017.06.30-10.15.58:950][669]LogLinker: Can't find file '/Game/Characters/Characters_Skeleton'
[2017.06.30-10.15.58:950][669]LogLinker: Can't find file '/Game/Characters/Characters_Skeleton'
[2017.06.30-10.15.58:952][669]LogLinker: Can't find file '/Game/Characters/Characters_PhysicsAsset'
[2017.06.30-10.15.58:952][669]LogLinker: Can't find file '/Game/Characters/Characters_PhysicsAsset'
[2017.06.30-10.15.58:955][669]LogSkeletalMesh: USkeletalMeshComponent::InitArticulated : Could not find root physics body: SkeletalMeshComponent0
[2017.06.30-10.15.58:957][669]LogFbx: =================================================
[2017.06.30-10.15.58:957][669]LogFbx: Dumping Node START [Cube.005] 
[2017.06.30-10.15.58:957][669]LogFbx: 	Total Deformer Count 1695453992.
[2017.06.30-10.15.58:957][669]LogFbx: 		[Node 1] pLAYERaRMATURE1 (Type Skin).
[2017.06.30-10.15.58:957][669]LogFbx: =================================================
[2017.06.30-10.15.58:957][669]LogFbx: 	Attribute (Cube.000) Type (4).
[2017.06.30-10.15.58:957][669]LogFbx: 		[Node Attribute Child 1] Cube.005 (Type Mesh).
[2017.06.30-10.15.58:957][669]LogFbx: Dumping Node END [Cube.005]
[2017.06.30-10.15.58:957][669]LogFbx: =================================================
[2017.06.30-10.15.58:957][669]LogFbx: Dumping Node START [Cube.005] 
[2017.06.30-10.15.58:957][669]LogFbx: 	Total Deformer Count 1695452424.
[2017.06.30-10.15.58:957][669]LogFbx: 		[Node 1] pLAYERaRMATURE1 (Type Skin).
[2017.06.30-10.15.58:957][669]LogFbx: =================================================
[2017.06.30-10.15.58:957][669]LogFbx: 	Attribute (Cube.000) Type (4).
[2017.06.30-10.15.58:957][669]LogFbx: 		[Node Attribute Child 1] Cube.005 (Type Mesh).
[2017.06.30-10.15.58:957][669]LogFbx: Dumping Node END [Cube.005]
[2017.06.30-10.15.58:957][669]LogFbx: SortedLinks :(0) pLAYERaRMATURE1
[2017.06.30-10.15.58:957][669]LogFbx: SortedLinks :(1) Body
[2017.06.30-10.15.58:957][669]LogFbx: SortedLinks :(2) LeftArm
[2017.06.30-10.15.58:957][669]LogFbx: SortedLinks :(3) LeftArm_end
[2017.06.30-10.15.58:957][669]LogFbx: SortedLinks :(4) RightArm
[2017.06.30-10.15.58:957][669]LogFbx: SortedLinks :(5) RightArm_end
[2017.06.30-10.15.58:957][669]LogFbx: SortedLinks :(6) Head
[2017.06.30-10.15.58:957][669]LogFbx: SortedLinks :(7) Head_end
[2017.06.30-10.15.58:957][669]LogFbx: SortedLinks :(8) LeftLeg
[2017.06.30-10.15.58:957][669]LogFbx: SortedLinks :(9) LeftLeg_end
[2017.06.30-10.15.58:957][669]LogFbx: SortedLinks :(10) RightLeg
[2017.06.30-10.15.58:957][669]LogFbx: SortedLinks :(11) RightLeg_end
[2017.06.30-10.15.58:958][669]LogFbx: SortedLinks :(0) pLAYERaRMATURE1
[2017.06.30-10.15.58:958][669]LogFbx: SortedLinks :(1) Body
[2017.06.30-10.15.58:958][669]LogFbx: SortedLinks :(2) LeftArm
[2017.06.30-10.15.58:958][669]LogFbx: SortedLinks :(3) LeftArm_end
[2017.06.30-10.15.58:958][669]LogFbx: SortedLinks :(4) RightArm
[2017.06.30-10.15.58:958][669]LogFbx: SortedLinks :(5) RightArm_end
[2017.06.30-10.15.58:958][669]LogFbx: SortedLinks :(6) Head
[2017.06.30-10.15.58:958][669]LogFbx: SortedLinks :(7) Head_end
[2017.06.30-10.15.58:958][669]LogFbx: SortedLinks :(8) LeftLeg
[2017.06.30-10.15.58:958][669]LogFbx: SortedLinks :(9) LeftLeg_end
[2017.06.30-10.15.58:958][669]LogFbx: SortedLinks :(10) RightLeg
[2017.06.30-10.15.58:958][669]LogFbx: SortedLinks :(11) RightLeg_end
[2017.06.30-10.15.58:958][669]LogFbx: SortedLinks :(0) pLAYERaRMATURE1
[2017.06.30-10.15.58:958][669]LogFbx: SortedLinks :(1) Body
[2017.06.30-10.15.58:958][669]LogFbx: SortedLinks :(2) LeftArm
[2017.06.30-10.15.58:958][669]LogFbx: SortedLinks :(3) LeftArm_end
[2017.06.30-10.15.58:958][669]LogFbx: SortedLinks :(4) RightArm
[2017.06.30-10.15.58:958][669]LogFbx: SortedLinks :(5) RightArm_end
[2017.06.30-10.15.58:958][669]LogFbx: SortedLinks :(6) Head
[2017.06.30-10.15.58:958][669]LogFbx: SortedLinks :(7) Head_end
[2017.06.30-10.15.58:958][669]LogFbx: SortedLinks :(8) LeftLeg
[2017.06.30-10.15.58:958][669]LogFbx: SortedLinks :(9) LeftLeg_end
[2017.06.30-10.15.58:958][669]LogFbx: SortedLinks :(10) RightLeg
[2017.06.30-10.15.58:958][669]LogFbx: SortedLinks :(11) RightLeg_end
[2017.06.30-10.15.58:959][669]LogFbx: SortedLinks :(0) pLAYERaRMATURE1
[2017.06.30-10.15.58:959][669]LogFbx: SortedLinks :(1) Body
[2017.06.30-10.15.58:959][669]LogFbx: SortedLinks :(2) LeftArm
[2017.06.30-10.15.58:959][669]LogFbx: SortedLinks :(3) LeftArm_end
[2017.06.30-10.15.58:959][669]LogFbx: SortedLinks :(4) RightArm
[2017.06.30-10.15.58:959][669]LogFbx: SortedLinks :(5) RightArm_end
[2017.06.30-10.15.58:959][669]LogFbx: SortedLinks :(6) Head
[2017.06.30-10.15.58:959][669]LogFbx: SortedLinks :(7) Head_end
[2017.06.30-10.15.58:959][669]LogFbx: SortedLinks :(8) LeftLeg
[2017.06.30-10.15.58:959][669]LogFbx: SortedLinks :(9) LeftLeg_end
[2017.06.30-10.15.58:959][669]LogFbx: SortedLinks :(10) RightLeg
[2017.06.30-10.15.58:959][669]LogFbx: SortedLinks :(11) RightLeg_end
[2017.06.30-10.15.58:959][669]LogFbx: SortedLinks :(0) pLAYERaRMATURE1
[2017.06.30-10.15.58:959][669]LogFbx: SortedLinks :(1) Body
[2017.06.30-10.15.58:959][669]LogFbx: SortedLinks :(2) LeftArm
[2017.06.30-10.15.58:959][669]LogFbx: SortedLinks :(3) LeftArm_end
[2017.06.30-10.15.58:959][669]LogFbx: SortedLinks :(4) RightArm
[2017.06.30-10.15.58:959][669]LogFbx: SortedLinks :(5) RightArm_end
[2017.06.30-10.15.58:959][669]LogFbx: SortedLinks :(6) Head
[2017.06.30-10.15.58:959][669]LogFbx: SortedLinks :(7) Head_end
[2017.06.30-10.15.58:959][669]LogFbx: SortedLinks :(8) LeftLeg
[2017.06.30-10.15.58:959][669]LogFbx: SortedLinks :(9) LeftLeg_end
[2017.06.30-10.15.58:959][669]LogFbx: SortedLinks :(10) RightLeg
[2017.06.30-10.15.58:959][669]LogFbx: SortedLinks :(11) RightLeg_end
[2017.06.30-10.15.58:959][669]LogFbx: SortedLinks :(0) pLAYERaRMATURE1
[2017.06.30-10.15.58:959][669]LogFbx: SortedLinks :(1) Body
[2017.06.30-10.15.58:959][669]LogFbx: SortedLinks :(2) LeftArm
[2017.06.30-10.15.58:959][669]LogFbx: SortedLinks :(3) LeftArm_end
[2017.06.30-10.15.58:959][669]LogFbx: SortedLinks :(4) RightArm
[2017.06.30-10.15.58:959][669]LogFbx: SortedLinks :(5) RightArm_end
[2017.06.30-10.15.58:959][669]LogFbx: SortedLinks :(6) Head
[2017.06.30-10.15.58:959][669]LogFbx: SortedLinks :(7) Head_end
[2017.06.30-10.15.58:959][669]LogFbx: SortedLinks :(8) LeftLeg
[2017.06.30-10.15.58:959][669]LogFbx: SortedLinks :(9) LeftLeg_end
[2017.06.30-10.15.58:959][669]LogFbx: SortedLinks :(10) RightLeg
[2017.06.30-10.15.58:959][669]LogFbx: SortedLinks :(11) RightLeg_end
[2017.06.30-10.15.58:960][669]LogFbx: SortedLinks :(0) pLAYERaRMATURE1
[2017.06.30-10.15.58:960][669]LogFbx: SortedLinks :(1) Body
[2017.06.30-10.15.58:960][669]LogFbx: SortedLinks :(2) LeftArm
[2017.06.30-10.15.58:960][669]LogFbx: SortedLinks :(3) LeftArm_end
[2017.06.30-10.15.58:960][669]LogFbx: SortedLinks :(4) RightArm
[2017.06.30-10.15.58:960][669]LogFbx: SortedLinks :(5) RightArm_end
[2017.06.30-10.15.58:960][669]LogFbx: SortedLinks :(6) Head
[2017.06.30-10.15.58:960][669]LogFbx: SortedLinks :(7) Head_end
[2017.06.30-10.15.58:960][669]LogFbx: SortedLinks :(8) LeftLeg
[2017.06.30-10.15.58:960][669]LogFbx: SortedLinks :(9) LeftLeg_end
[2017.06.30-10.15.58:960][669]LogFbx: SortedLinks :(10) RightLeg
[2017.06.30-10.15.58:960][669]LogFbx: SortedLinks :(11) RightLeg_end
[2017.06.30-10.15.58:960][669]LogFbx: SortedLinks :(0) pLAYERaRMATURE1
[2017.06.30-10.15.58:960][669]LogFbx: SortedLinks :(1) Body
[2017.06.30-10.15.58:960][669]LogFbx: SortedLinks :(2) LeftArm
[2017.06.30-10.15.58:960][669]LogFbx: SortedLinks :(3) LeftArm_end
[2017.06.30-10.15.58:960][669]LogFbx: SortedLinks :(4) RightArm
[2017.06.30-10.15.58:960][669]LogFbx: SortedLinks :(5) RightArm_end
[2017.06.30-10.15.58:960][669]LogFbx: SortedLinks :(6) Head
[2017.06.30-10.15.58:960][669]LogFbx: SortedLinks :(7) Head_end
[2017.06.30-10.15.58:960][669]LogFbx: SortedLinks :(8) LeftLeg
[2017.06.30-10.15.58:960][669]LogFbx: SortedLinks :(9) LeftLeg_end
[2017.06.30-10.15.58:960][669]LogFbx: SortedLinks :(10) RightLeg
[2017.06.30-10.15.58:960][669]LogFbx: SortedLinks :(11) RightLeg_end
[2017.06.30-10.15.58:960][669]LogFbx: SortedLinks :(0) pLAYERaRMATURE1
[2017.06.30-10.15.58:960][669]LogFbx: SortedLinks :(1) Body
[2017.06.30-10.15.58:960][669]LogFbx: SortedLinks :(2) LeftArm
[2017.06.30-10.15.58:960][669]LogFbx: SortedLinks :(3) LeftArm_end
[2017.06.30-10.15.58:960][669]LogFbx: SortedLinks :(4) RightArm
[2017.06.30-10.15.58:960][669]LogFbx: SortedLinks :(5) RightArm_end
[2017.06.30-10.15.58:960][669]LogFbx: SortedLinks :(6) Head
[2017.06.30-10.15.58:960][669]LogFbx: SortedLinks :(7) Head_end
[2017.06.30-10.15.58:960][669]LogFbx: SortedLinks :(8) LeftLeg
[2017.06.30-10.15.58:960][669]LogFbx: SortedLinks :(9) LeftLeg_end
[2017.06.30-10.15.58:960][669]LogFbx: SortedLinks :(10) RightLeg
[2017.06.30-10.15.58:960][669]LogFbx: SortedLinks :(11) RightLeg_end
[2017.06.30-10.15.58:961][669]LogFbx: SortedLinks :(0) pLAYERaRMATURE1
[2017.06.30-10.15.58:961][669]LogFbx: SortedLinks :(1) Body
[2017.06.30-10.15.58:961][669]LogFbx: SortedLinks :(2) LeftArm
[2017.06.30-10.15.58:961][669]LogFbx: SortedLinks :(3) LeftArm_end
[2017.06.30-10.15.58:961][669]LogFbx: SortedLinks :(4) RightArm
[2017.06.30-10.15.58:961][669]LogFbx: SortedLinks :(5) RightArm_end
[2017.06.30-10.15.58:961][669]LogFbx: SortedLinks :(6) Head
[2017.06.30-10.15.58:961][669]LogFbx: SortedLinks :(7) Head_end
[2017.06.30-10.15.58:961][669]LogFbx: SortedLinks :(8) LeftLeg
[2017.06.30-10.15.58:961][669]LogFbx: SortedLinks :(9) LeftLeg_end
[2017.06.30-10.15.58:961][669]LogFbx: SortedLinks :(10) RightLeg
[2017.06.30-10.15.58:961][669]LogFbx: SortedLinks :(11) RightLeg_end
[2017.06.30-10.15.58:961][669]LogFbx: SortedLinks :(0) pLAYERaRMATURE1
[2017.06.30-10.15.58:961][669]LogFbx: SortedLinks :(1) Body
[2017.06.30-10.15.58:961][669]LogFbx: SortedLinks :(2) LeftArm
[2017.06.30-10.15.58:961][669]LogFbx: SortedLinks :(3) LeftArm_end
[2017.06.30-10.15.58:961][669]LogFbx: SortedLinks :(4) RightArm
[2017.06.30-10.15.58:961][669]LogFbx: SortedLinks :(5) RightArm_end
[2017.06.30-10.15.58:961][669]LogFbx: SortedLinks :(6) Head
[2017.06.30-10.15.58:961][669]LogFbx: SortedLinks :(7) Head_end
[2017.06.30-10.15.58:961][669]LogFbx: SortedLinks :(8) LeftLeg
[2017.06.30-10.15.58:961][669]LogFbx: SortedLinks :(9) LeftLeg_end
[2017.06.30-10.15.58:961][669]LogFbx: SortedLinks :(10) RightLeg
[2017.06.30-10.15.58:961][669]LogFbx: SortedLinks :(11) RightLeg_end
[2017.06.30-10.15.58:962][669]LogFbx: SortedLinks :(0) pLAYERaRMATURE1
[2017.06.30-10.15.58:962][669]LogFbx: SortedLinks :(1) Body
[2017.06.30-10.15.58:962][669]LogFbx: SortedLinks :(2) LeftArm
[2017.06.30-10.15.58:962][669]LogFbx: SortedLinks :(3) LeftArm_end
[2017.06.30-10.15.58:962][669]LogFbx: SortedLinks :(4) RightArm
[2017.06.30-10.15.58:962][669]LogFbx: SortedLinks :(5) RightArm_end
[2017.06.30-10.15.58:962][669]LogFbx: SortedLinks :(6) Head
[2017.06.30-10.15.58:962][669]LogFbx: SortedLinks :(7) Head_end
[2017.06.30-10.15.58:962][669]LogFbx: SortedLinks :(8) LeftLeg
[2017.06.30-10.15.58:962][669]LogFbx: SortedLinks :(9) LeftLeg_end
[2017.06.30-10.15.58:962][669]LogFbx: SortedLinks :(10) RightLeg
[2017.06.30-10.15.58:962][669]LogFbx: SortedLinks :(11) RightLeg_end
[2017.06.30-10.15.58:962][669]LogFbx: SortedLinks :(0) pLAYERaRMATURE1
[2017.06.30-10.15.58:962][669]LogFbx: SortedLinks :(1) Body
[2017.06.30-10.15.58:962][669]LogFbx: SortedLinks :(2) LeftArm
[2017.06.30-10.15.58:962][669]LogFbx: SortedLinks :(3) LeftArm_end
[2017.06.30-10.15.58:962][669]LogFbx: SortedLinks :(4) RightArm
[2017.06.30-10.15.58:962][669]LogFbx: SortedLinks :(5) RightArm_end
[2017.06.30-10.15.58:962][669]LogFbx: SortedLinks :(6) Head
[2017.06.30-10.15.58:962][669]LogFbx: SortedLinks :(7) Head_end
[2017.06.30-10.15.58:962][669]LogFbx: SortedLinks :(8) LeftLeg
[2017.06.30-10.15.58:962][669]LogFbx: SortedLinks :(9) LeftLeg_end
[2017.06.30-10.15.58:962][669]LogFbx: SortedLinks :(10) RightLeg
[2017.06.30-10.15.58:962][669]LogFbx: SortedLinks :(11) RightLeg_end
[2017.06.30-10.15.58:962][669]LogFbx: SortedLinks :(0) pLAYERaRMATURE1
[2017.06.30-10.15.58:962][669]LogFbx: SortedLinks :(1) Body
[2017.06.30-10.15.58:962][669]LogFbx: SortedLinks :(2) LeftArm
[2017.06.30-10.15.58:962][669]LogFbx: SortedLinks :(3) LeftArm_end
[2017.06.30-10.15.58:962][669]LogFbx: SortedLinks :(4) RightArm
[2017.06.30-10.15.58:962][669]LogFbx: SortedLinks :(5) RightArm_end
[2017.06.30-10.15.58:962][669]LogFbx: SortedLinks :(6) Head
[2017.06.30-10.15.58:962][669]LogFbx: SortedLinks :(7) Head_end
[2017.06.30-10.15.58:962][669]LogFbx: SortedLinks :(8) LeftLeg
[2017.06.30-10.15.58:962][669]LogFbx: SortedLinks :(9) LeftLeg_end
[2017.06.30-10.15.58:962][669]LogFbx: SortedLinks :(10) RightLeg
[2017.06.30-10.15.58:962][669]LogFbx: SortedLinks :(11) RightLeg_end
[2017.06.30-10.15.58:963][669]LogFbx: SortedLinks :(0) pLAYERaRMATURE1
[2017.06.30-10.15.58:963][669]LogFbx: SortedLinks :(1) Body
[2017.06.30-10.15.58:963][669]LogFbx: SortedLinks :(2) LeftArm
[2017.06.30-10.15.58:963][669]LogFbx: SortedLinks :(3) LeftArm_end
[2017.06.30-10.15.58:963][669]LogFbx: SortedLinks :(4) RightArm
[2017.06.30-10.15.58:963][669]LogFbx: SortedLinks :(5) RightArm_end
[2017.06.30-10.15.58:963][669]LogFbx: SortedLinks :(6) Head
[2017.06.30-10.15.58:963][669]LogFbx: SortedLinks :(7) Head_end
[2017.06.30-10.15.58:963][669]LogFbx: SortedLinks :(8) LeftLeg
[2017.06.30-10.15.58:963][669]LogFbx: SortedLinks :(9) LeftLeg_end
[2017.06.30-10.15.58:963][669]LogFbx: SortedLinks :(10) RightLeg
[2017.06.30-10.15.58:963][669]LogFbx: SortedLinks :(11) RightLeg_end
[2017.06.30-10.15.58:963][669]LogFbx: SortedLinks :(0) pLAYERaRMATURE1
[2017.06.30-10.15.58:963][669]LogFbx: SortedLinks :(1) Body
[2017.06.30-10.15.58:963][669]LogFbx: SortedLinks :(2) LeftArm
[2017.06.30-10.15.58:963][669]LogFbx: SortedLinks :(3) LeftArm_end
[2017.06.30-10.15.58:963][669]LogFbx: SortedLinks :(4) RightArm
[2017.06.30-10.15.58:963][669]LogFbx: SortedLinks :(5) RightArm_end
[2017.06.30-10.15.58:963][669]LogFbx: SortedLinks :(6) Head
[2017.06.30-10.15.58:963][669]LogFbx: SortedLinks :(7) Head_end
[2017.06.30-10.15.58:963][669]LogFbx: SortedLinks :(8) LeftLeg
[2017.06.30-10.15.58:963][669]LogFbx: SortedLinks :(9) LeftLeg_end
[2017.06.30-10.15.58:963][669]LogFbx: SortedLinks :(10) RightLeg
[2017.06.30-10.15.58:963][669]LogFbx: SortedLinks :(11) RightLeg_end
[2017.06.30-10.15.58:966][669]LogFbx: Parsing AnimStack pLAYERaRMATURE1|Croutch
[2017.06.30-10.15.58:967][669]LogLinker: Can't find file '/Game/Characters/Characters_Anim_pLAYERaRMATURE1_Croutch'
[2017.06.30-10.15.58:967][669]LogLinker: Can't find file '/Game/Characters/Characters_Anim_pLAYERaRMATURE1_Croutch'
[2017.06.30-10.15.58:977][669]LogAnimationCompression: Building Anim DDC data for AnimSequence /Game/Characters/Characters_Anim_pLAYERaRMATURE1_Croutch.Characters_Anim_pLAYERaRMATURE1_Croutch
[2017.06.30-10.15.58:979][669]LogFbx: Parsing AnimStack pLAYERaRMATURE1|Croutch1Walk
[2017.06.30-10.15.58:980][669]LogLinker: Can't find file '/Game/Characters/Characters_Anim_pLAYERaRMATURE1_Croutch1Walk'
[2017.06.30-10.15.58:980][669]LogLinker: Can't find file '/Game/Characters/Characters_Anim_pLAYERaRMATURE1_Croutch1Walk'
[2017.06.30-10.15.58:996][669]LogAnimationCompression: Building Anim DDC data for AnimSequence /Game/Characters/Characters_Anim_pLAYERaRMATURE1_Croutch1Walk.Characters_Anim_pLAYERaRMATURE1_Croutch1Walk
[2017.06.30-10.15.58:998][669]LogFbx: Parsing AnimStack pLAYERaRMATURE1|Croutch1WithGun
[2017.06.30-10.15.58:999][669]LogLinker: Can't find file '/Game/Characters/Characters_Anim_pLAYERaRMATURE1_Croutch1WithGun'
[2017.06.30-10.15.58:999][669]LogLinker: Can't find file '/Game/Characters/Characters_Anim_pLAYERaRMATURE1_Croutch1WithGun'
[2017.06.30-10.15.59:008][669]LogAnimationCompression: Building Anim DDC data for AnimSequence /Game/Characters/Characters_Anim_pLAYERaRMATURE1_Croutch1WithGun.Characters_Anim_pLAYERaRMATURE1_Croutch1WithGun
[2017.06.30-10.15.59:010][669]LogFbx: Parsing AnimStack pLAYERaRMATURE1|CroutchIdle1
[2017.06.30-10.15.59:011][669]LogLinker: Can't find file '/Game/Characters/Characters_Anim_pLAYERaRMATURE1_CroutchIdle1'
[2017.06.30-10.15.59:011][669]LogLinker: Can't find file '/Game/Characters/Characters_Anim_pLAYERaRMATURE1_CroutchIdle1'
[2017.06.30-10.15.59:020][669]LogAnimationCompression: Building Anim DDC data for AnimSequence /Game/Characters/Characters_Anim_pLAYERaRMATURE1_CroutchIdle1.Characters_Anim_pLAYERaRMATURE1_CroutchIdle1
[2017.06.30-10.15.59:021][669]LogFbx: Parsing AnimStack pLAYERaRMATURE1|CroutchIdle1WithGun
[2017.06.30-10.15.59:022][669]LogLinker: Can't find file '/Game/Characters/Characters_Anim_pLAYERaRMATURE1_CroutchIdle1WithGun'
[2017.06.30-10.15.59:022][669]LogLinker: Can't find file '/Game/Characters/Characters_Anim_pLAYERaRMATURE1_CroutchIdle1WithGun'
[2017.06.30-10.15.59:032][669]LogAnimationCompression: Building Anim DDC data for AnimSequence /Game/Characters/Characters_Anim_pLAYERaRMATURE1_CroutchIdle1WithGun.Characters_Anim_pLAYERaRMATURE1_CroutchIdle1WithGun
[2017.06.30-10.15.59:033][669]LogFbx: Parsing AnimStack pLAYERaRMATURE1|CroutchWalk1WithGun
[2017.06.30-10.15.59:034][669]LogLinker: Can't find file '/Game/Characters/Characters_Anim_pLAYERaRMATURE1_CroutchWalk1WithGun'
[2017.06.30-10.15.59:034][669]LogLinker: Can't find file '/Game/Characters/Characters_Anim_pLAYERaRMATURE1_CroutchWalk1WithGun'
[2017.06.30-10.15.59:043][669]LogAnimationCompression: Building Anim DDC data for AnimSequence /Game/Characters/Characters_Anim_pLAYERaRMATURE1_CroutchWalk1WithGun.Characters_Anim_pLAYERaRMATURE1_CroutchWalk1WithGun
[2017.06.30-10.15.59:045][669]LogFbx: Parsing AnimStack pLAYERaRMATURE1|Idle1
[2017.06.30-10.15.59:046][669]LogLinker: Can't find file '/Game/Characters/Characters_Anim_pLAYERaRMATURE1_Idle1'
[2017.06.30-10.15.59:046][669]LogLinker: Can't find file '/Game/Characters/Characters_Anim_pLAYERaRMATURE1_Idle1'
[2017.06.30-10.15.59:083][669]LogAnimationCompression: Building Anim DDC data for AnimSequence /Game/Characters/Characters_Anim_pLAYERaRMATURE1_Idle1.Characters_Anim_pLAYERaRMATURE1_Idle1
[2017.06.30-10.15.59:085][669]LogFbx: Parsing AnimStack pLAYERaRMATURE1|Idle1WithGun
[2017.06.30-10.15.59:086][669]LogLinker: Can't find file '/Game/Characters/Characters_Anim_pLAYERaRMATURE1_Idle1WithGun'
[2017.06.30-10.15.59:086][669]LogLinker: Can't find file '/Game/Characters/Characters_Anim_pLAYERaRMATURE1_Idle1WithGun'
[2017.06.30-10.15.59:095][669]LogAnimationCompression: Building Anim DDC data for AnimSequence /Game/Characters/Characters_Anim_pLAYERaRMATURE1_Idle1WithGun.Characters_Anim_pLAYERaRMATURE1_Idle1WithGun
[2017.06.30-10.15.59:097][669]LogFbx: Parsing AnimStack pLAYERaRMATURE1|Idle2
[2017.06.30-10.15.59:098][669]LogLinker: Can't find file '/Game/Characters/Characters_Anim_pLAYERaRMATURE1_Idle2'
[2017.06.30-10.15.59:098][669]LogLinker: Can't find file '/Game/Characters/Characters_Anim_pLAYERaRMATURE1_Idle2'
[2017.06.30-10.15.59:142][669]LogAnimationCompression: Building Anim DDC data for AnimSequence /Game/Characters/Characters_Anim_pLAYERaRMATURE1_Idle2.Characters_Anim_pLAYERaRMATURE1_Idle2
[2017.06.30-10.15.59:144][669]LogFbx: Parsing AnimStack pLAYERaRMATURE1|Idle2WithGun
[2017.06.30-10.15.59:145][669]LogLinker: Can't find file '/Game/Characters/Characters_Anim_pLAYERaRMATURE1_Idle2WithGun'
[2017.06.30-10.15.59:145][669]LogLinker: Can't find file '/Game/Characters/Characters_Anim_pLAYERaRMATURE1_Idle2WithGun'
[2017.06.30-10.15.59:174][669]LogAnimationCompression: Building Anim DDC data for AnimSequence /Game/Characters/Characters_Anim_pLAYERaRMATURE1_Idle2WithGun.Characters_Anim_pLAYERaRMATURE1_Idle2WithGun
[2017.06.30-10.15.59:176][669]LogFbx: Parsing AnimStack pLAYERaRMATURE1|Jump1
[2017.06.30-10.15.59:177][669]LogLinker: Can't find file '/Game/Characters/Characters_Anim_pLAYERaRMATURE1_Jump1'
[2017.06.30-10.15.59:177][669]LogLinker: Can't find file '/Game/Characters/Characters_Anim_pLAYERaRMATURE1_Jump1'
[2017.06.30-10.15.59:186][669]LogAnimationCompression: Building Anim DDC data for AnimSequence /Game/Characters/Characters_Anim_pLAYERaRMATURE1_Jump1.Characters_Anim_pLAYERaRMATURE1_Jump1
[2017.06.30-10.15.59:188][669]LogFbx: Parsing AnimStack pLAYERaRMATURE1|Jump1WithGun
[2017.06.30-10.15.59:189][669]LogLinker: Can't find file '/Game/Characters/Characters_Anim_pLAYERaRMATURE1_Jump1WithGun'
[2017.06.30-10.15.59:189][669]LogLinker: Can't find file '/Game/Characters/Characters_Anim_pLAYERaRMATURE1_Jump1WithGun'
[2017.06.30-10.15.59:198][669]LogAnimationCompression: Building Anim DDC data for AnimSequence /Game/Characters/Characters_Anim_pLAYERaRMATURE1_Jump1WithGun.Characters_Anim_pLAYERaRMATURE1_Jump1WithGun
[2017.06.30-10.15.59:199][669]LogFbx: Parsing AnimStack pLAYERaRMATURE1|Run1
[2017.06.30-10.15.59:201][669]LogLinker: Can't find file '/Game/Characters/Characters_Anim_pLAYERaRMATURE1_Run1'
[2017.06.30-10.15.59:201][669]LogLinker: Can't find file '/Game/Characters/Characters_Anim_pLAYERaRMATURE1_Run1'
[2017.06.30-10.15.59:210][669]LogAnimationCompression: Building Anim DDC data for AnimSequence /Game/Characters/Characters_Anim_pLAYERaRMATURE1_Run1.Characters_Anim_pLAYERaRMATURE1_Run1
[2017.06.30-10.15.59:211][669]LogFbx: Parsing AnimStack pLAYERaRMATURE1|Run1WithGun
[2017.06.30-10.15.59:212][669]LogLinker: Can't find file '/Game/Characters/Characters_Anim_pLAYERaRMATURE1_Run1WithGun'
[2017.06.30-10.15.59:212][669]LogLinker: Can't find file '/Game/Characters/Characters_Anim_pLAYERaRMATURE1_Run1WithGun'
[2017.06.30-10.15.59:222][669]LogAnimationCompression: Building Anim DDC data for AnimSequence /Game/Characters/Characters_Anim_pLAYERaRMATURE1_Run1WithGun.Characters_Anim_pLAYERaRMATURE1_Run1WithGun
[2017.06.30-10.15.59:223][669]LogFbx: Parsing AnimStack pLAYERaRMATURE1|Walk1
[2017.06.30-10.15.59:224][669]LogLinker: Can't find file '/Game/Characters/Characters_Anim_pLAYERaRMATURE1_Walk1'
[2017.06.30-10.15.59:224][669]LogLinker: Can't find file '/Game/Characters/Characters_Anim_pLAYERaRMATURE1_Walk1'
[2017.06.30-10.15.59:234][669]LogAnimationCompression: Building Anim DDC data for AnimSequence /Game/Characters/Characters_Anim_pLAYERaRMATURE1_Walk1.Characters_Anim_pLAYERaRMATURE1_Walk1
[2017.06.30-10.15.59:235][669]LogFbx: Parsing AnimStack pLAYERaRMATURE1|walk1WithGun
[2017.06.30-10.15.59:236][669]LogLinker: Can't find file '/Game/Characters/Characters_Anim_pLAYERaRMATURE1_walk1WithGun'
[2017.06.30-10.15.59:236][669]LogLinker: Can't find file '/Game/Characters/Characters_Anim_pLAYERaRMATURE1_walk1WithGun'
[2017.06.30-10.15.59:245][669]LogAnimationCompression: Building Anim DDC data for AnimSequence /Game/Characters/Characters_Anim_pLAYERaRMATURE1_walk1WithGun.Characters_Anim_pLAYERaRMATURE1_walk1WithGun
[2017.06.30-10.15.59:268][669]LogSlate: Took 0.000219 seconds to synchronously load lazily loaded font '../../../Engine/Content/Slate/Fonts/Roboto-Light.ttf' (159K)
[2017.06.30-10.15.59:328][670]Cmd: OBJ SAVEPACKAGE PACKAGE="/Game/Characters/Characters" FILE="../../../../../../Users/Snoop/Documents/Unreal Projects/Hunter/Content/Characters/Characters.uasset" SILENT=true
[2017.06.30-10.15.59:344][670]LogSavePackage: Save=14.92ms
[2017.06.30-10.15.59:344][670]LogSavePackage: Moving '../../../../../../Users/Snoop/Documents/Unreal Projects/Hunter/Saved/CharactersD93B8F8F420D47E7BD0DDAB02338327A.tmp' to '../../../../../../Users/Snoop/Documents/Unreal Projects/Hunter/Content/Characters/Characters.uasset'
[2017.06.30-10.15.59:346][670]LogSavePackage:Display: Finished SavePackage ../../../../../../Users/Snoop/Documents/Unreal Projects/Hunter/Content/Characters/Characters.uasset
[2017.06.30-10.16.02:355][864]AssetReimport: Info Importing new asset /Game/Characters/Characters.
[2017.06.30-10.16.04:876][  4]LogContentBrowser: Native class hierarchy updated for 'SkeletonEditor' in 0.0006 seconds. Added 1 classes and 2 folders.
[2017.06.30-10.16.04:973][  4]LogActorComponent: RegisterComponentWithWorld: (/Engine/Transient.World_4:PersistentLevel.Actor_0.DebugSkelMeshComponent_0) Already registered. Aborting.
[2017.06.30-10.16.05:006][  4]LogSkeletalMesh: USkeletalMeshComponent::InitArticulated : Bodies already created (/Engine/Transient.World_4:PersistentLevel.Actor_0.DebugSkelMeshComponent_0) - call TermArticulated first.
[2017.06.30-10.16.05:284][  4]LogContentBrowser: Native class hierarchy updated for 'ClothingSystemEditorInterface' in 0.0005 seconds. Added 1 classes and 0 folders.
[2017.06.30-10.16.05:291][  4]LogRenderer: Reallocating scene render targets to support 1136x364 NumSamples 1 (Frame:1).
[2017.06.30-10.16.05:291][  4]LogContentBrowser:Verbose: The majority of assets in the view are of type: AnimSequence
[2017.06.30-10.16.14:282][636]LogActorComponent: RegisterComponentWithWorld: (/Engine/Transient.World_6:PersistentLevel.Actor_1.DebugSkelMeshComponent_2) Already registered. Aborting.
[2017.06.30-10.16.14:319][636]LogSkeletalMesh: USkeletalMeshComponent::InitArticulated : Bodies already created (/Engine/Transient.World_6:PersistentLevel.Actor_1.DebugSkelMeshComponent_2) - call TermArticulated first.
[2017.06.30-10.16.14:535][637]LogRenderer: Reallocating scene render targets to support 1136x576 NumSamples 1 (Frame:1).
[2017.06.30-10.16.20:817][131]Cmd: OBJ SAVEPACKAGE PACKAGE="/Game/Characters/Characters_Skeleton" FILE="../../../../../../Users/Snoop/Documents/Unreal Projects/Hunter/Content/Characters/Characters_Skeleton.uasset" SILENT=true
[2017.06.30-10.16.20:819][131]LogSavePackage: Save=1.11ms
[2017.06.30-10.16.20:820][131]LogSavePackage: Moving '../../../../../../Users/Snoop/Documents/Unreal Projects/Hunter/Saved/Characters_Skeleton9ABF50E841B90B102FCB8BB35FAA3708.tmp' to '../../../../../../Users/Snoop/Documents/Unreal Projects/Hunter/Content/Characters/Characters_Skeleton.uasset'
[2017.06.30-10.16.20:821][131]LogSavePackage:Display: Finished SavePackage ../../../../../../Users/Snoop/Documents/Unreal Projects/Hunter/Content/Characters/Characters_Skeleton.uasset
[2017.06.30-10.16.28:099][811]Cmd: OBJ SAVEPACKAGE PACKAGE="/Game/Characters/Characters_PhysicsAsset" FILE="../../../../../../Users/Snoop/Documents/Unreal Projects/Hunter/Content/Characters/Characters_PhysicsAsset.uasset" SILENT=true
[2017.06.30-10.16.28:102][811]LogSavePackage: Save=1.36ms
[2017.06.30-10.16.28:102][811]LogSavePackage: Moving '../../../../../../Users/Snoop/Documents/Unreal Projects/Hunter/Saved/Characters_PhysicsAssetE67933E24EDEB58CB8F8778EADEC33EB.tmp' to '../../../../../../Users/Snoop/Documents/Unreal Projects/Hunter/Content/Characters/Characters_PhysicsAsset.uasset'
[2017.06.30-10.16.28:103][811]LogSavePackage:Display: Finished SavePackage ../../../../../../Users/Snoop/Documents/Unreal Projects/Hunter/Content/Characters/Characters_PhysicsAsset.uasset
[2017.06.30-10.16.28:124][811]LogSavePackage: Save=8.11ms
[2017.06.30-10.16.28:124][811]LogSavePackage: Moving '../../../../../../Users/Snoop/Documents/Unreal Projects/Hunter/Saved/Characters_Anim_pLAYERaRMATURE1_Croutch6A9781FF48A8CEF84DBD53A6392187CD.tmp' to '../../../../../../Users/Snoop/Documents/Unreal Projects/Hunter/Content/Characters/Characters_Anim_pLAYERaRMATURE1_Croutch.uasset'
[2017.06.30-10.16.28:126][811]LogSavePackage:Display: Finished SavePackage ../../../../../../Users/Snoop/Documents/Unreal Projects/Hunter/Content/Characters/Characters_Anim_pLAYERaRMATURE1_Croutch.uasset
[2017.06.30-10.16.28:147][811]LogSavePackage: Save=8.38ms
[2017.06.30-10.16.28:147][811]LogSavePackage: Moving '../../../../../../Users/Snoop/Documents/Unreal Projects/Hunter/Saved/Characters_Anim_pLAYERaRMATURE1_Croutch1Walk805A95C0413BF86CD5764A910CCAAD95.tmp' to '../../../../../../Users/Snoop/Documents/Unreal Projects/Hunter/Content/Characters/Characters_Anim_pLAYERaRMATURE1_Croutch1Walk.uasset'
[2017.06.30-10.16.28:149][811]LogSavePackage:Display: Finished SavePackage ../../../../../../Users/Snoop/Documents/Unreal Projects/Hunter/Content/Characters/Characters_Anim_pLAYERaRMATURE1_Croutch1Walk.uasset
[2017.06.30-10.16.28:169][811]LogSavePackage: Save=8.11ms
[2017.06.30-10.16.28:169][811]LogSavePackage: Moving '../../../../../../Users/Snoop/Documents/Unreal Projects/Hunter/Saved/Characters_Anim_pLAYERaRMATURE1_Croutch1WithGunDD7539674FC135E96731618F7D10CF90.tmp' to '../../../../../../Users/Snoop/Documents/Unreal Projects/Hunter/Content/Characters/Characters_Anim_pLAYERaRMATURE1_Croutch1WithGun.uasset'
[2017.06.30-10.16.28:171][811]LogSavePackage:Display: Finished SavePackage ../../../../../../Users/Snoop/Documents/Unreal Projects/Hunter/Content/Characters/Characters_Anim_pLAYERaRMATURE1_Croutch1WithGun.uasset
[2017.06.30-10.16.28:191][811]LogSavePackage: Save=8.15ms
[2017.06.30-10.16.28:191][811]LogSavePackage: Moving '../../../../../../Users/Snoop/Documents/Unreal Projects/Hunter/Saved/Characters_Anim_pLAYERaRMATURE1_CroutchIdle1F73CB81849E981BB7CDD72BE0866A836.tmp' to '../../../../../../Users/Snoop/Documents/Unreal Projects/Hunter/Content/Characters/Characters_Anim_pLAYERaRMATURE1_CroutchIdle1.uasset'
[2017.06.30-10.16.28:192][811]LogSavePackage:Display: Finished SavePackage ../../../../../../Users/Snoop/Documents/Unreal Projects/Hunter/Content/Characters/Characters_Anim_pLAYERaRMATURE1_CroutchIdle1.uasset
[2017.06.30-10.16.28:213][811]LogSavePackage: Save=8.11ms
[2017.06.30-10.16.28:213][811]LogSavePackage: Moving '../../../../../../Users/Snoop/Documents/Unreal Projects/Hunter/Saved/Characters_Anim_pLAYERaRMATURE1_CroutchIdle1WithGun79821F764AF8C91CD6DA85A9A1477E74.tmp' to '../../../../../../Users/Snoop/Documents/Unreal Projects/Hunter/Content/Characters/Characters_Anim_pLAYERaRMATURE1_CroutchIdle1WithGun.uasset'
[2017.06.30-10.16.28:215][811]LogSavePackage:Display: Finished SavePackage ../../../../../../Users/Snoop/Documents/Unreal Projects/Hunter/Content/Characters/Characters_Anim_pLAYERaRMATURE1_CroutchIdle1WithGun.uasset
[2017.06.30-10.16.28:235][811]LogSavePackage: Save=8.18ms
[2017.06.30-10.16.28:235][811]LogSavePackage: Moving '../../../../../../Users/Snoop/Documents/Unreal Projects/Hunter/Saved/Characters_Anim_pLAYERaRMATURE1_CroutchWalk1WithGunC51404BF4FE358ED25FE0BB994CC5CAB.tmp' to '../../../../../../Users/Snoop/Documents/Unreal Projects/Hunter/Content/Characters/Characters_Anim_pLAYERaRMATURE1_CroutchWalk1WithGun.uasset'
[2017.06.30-10.16.28:236][811]LogSavePackage:Display: Finished SavePackage ../../../../../../Users/Snoop/Documents/Unreal Projects/Hunter/Content/Characters/Characters_Anim_pLAYERaRMATURE1_CroutchWalk1WithGun.uasset
[2017.06.30-10.16.28:258][811]LogSavePackage: Save=8.42ms
[2017.06.30-10.16.28:258][811]LogSavePackage: Moving '../../../../../../Users/Snoop/Documents/Unreal Projects/Hunter/Saved/Characters_Anim_pLAYERaRMATURE1_Idle1D90B5B0A44E3D451F4FE809DCB5EC119.tmp' to '../../../../../../Users/Snoop/Documents/Unreal Projects/Hunter/Content/Characters/Characters_Anim_pLAYERaRMATURE1_Idle1.uasset'
[2017.06.30-10.16.28:260][811]LogSavePackage:Display: Finished SavePackage ../../../../../../Users/Snoop/Documents/Unreal Projects/Hunter/Content/Characters/Characters_Anim_pLAYERaRMATURE1_Idle1.uasset
[2017.06.30-10.16.28:280][811]LogSavePackage: Save=8.20ms
[2017.06.30-10.16.28:280][811]LogSavePackage: Moving '../../../../../../Users/Snoop/Documents/Unreal Projects/Hunter/Saved/Characters_Anim_pLAYERaRMATURE1_Idle1WithGunE983B2064033DAD7A4451285A99C4072.tmp' to '../../../../../../Users/Snoop/Documents/Unreal Projects/Hunter/Content/Characters/Characters_Anim_pLAYERaRMATURE1_Idle1WithGun.uasset'
[2017.06.30-10.16.28:282][811]LogSavePackage:Display: Finished SavePackage ../../../../../../Users/Snoop/Documents/Unreal Projects/Hunter/Content/Characters/Characters_Anim_pLAYERaRMATURE1_Idle1WithGun.uasset
[2017.06.30-10.16.28:302][811]LogSavePackage: Save=8.30ms
[2017.06.30-10.16.28:302][811]LogSavePackage: Moving '../../../../../../Users/Snoop/Documents/Unreal Projects/Hunter/Saved/Characters_Anim_pLAYERaRMATURE1_Idle227F5208F49CF1615734ED597CF9BCCBA.tmp' to '../../../../../../Users/Snoop/Documents/Unreal Projects/Hunter/Content/Characters/Characters_Anim_pLAYERaRMATURE1_Idle2.uasset'
[2017.06.30-10.16.28:304][811]LogSavePackage:Display: Finished SavePackage ../../../../../../Users/Snoop/Documents/Unreal Projects/Hunter/Content/Characters/Characters_Anim_pLAYERaRMATURE1_Idle2.uasset
[2017.06.30-10.16.28:324][811]LogSavePackage: Save=8.27ms
[2017.06.30-10.16.28:324][811]LogSavePackage: Moving '../../../../../../Users/Snoop/Documents/Unreal Projects/Hunter/Saved/Characters_Anim_pLAYERaRMATURE1_Idle2WithGun35D6F45041412FCE13CA12A2B3A28DA5.tmp' to '../../../../../../Users/Snoop/Documents/Unreal Projects/Hunter/Content/Characters/Characters_Anim_pLAYERaRMATURE1_Idle2WithGun.uasset'
[2017.06.30-10.16.28:325][811]LogSavePackage:Display: Finished SavePackage ../../../../../../Users/Snoop/Documents/Unreal Projects/Hunter/Content/Characters/Characters_Anim_pLAYERaRMATURE1_Idle2WithGun.uasset
[2017.06.30-10.16.28:346][811]LogSavePackage: Save=8.13ms
[2017.06.30-10.16.28:346][811]LogSavePackage: Moving '../../../../../../Users/Snoop/Documents/Unreal Projects/Hunter/Saved/Characters_Anim_pLAYERaRMATURE1_Jump19523AE1948BEBF095159688AB5823205.tmp' to '../../../../../../Users/Snoop/Documents/Unreal Projects/Hunter/Content/Characters/Characters_Anim_pLAYERaRMATURE1_Jump1.uasset'
[2017.06.30-10.16.28:348][811]LogSavePackage:Display: Finished SavePackage ../../../../../../Users/Snoop/Documents/Unreal Projects/Hunter/Content/Characters/Characters_Anim_pLAYERaRMATURE1_Jump1.uasset
[2017.06.30-10.16.28:368][811]LogSavePackage: Save=8.25ms
[2017.06.30-10.16.28:368][811]LogSavePackage: Moving '../../../../../../Users/Snoop/Documents/Unreal Projects/Hunter/Saved/Characters_Anim_pLAYERaRMATURE1_Jump1WithGun5B2666904C4A2107D5383693B66CE392.tmp' to '../../../../../../Users/Snoop/Documents/Unreal Projects/Hunter/Content/Characters/Characters_Anim_pLAYERaRMATURE1_Jump1WithGun.uasset'
[2017.06.30-10.16.28:369][811]LogSavePackage:Display: Finished SavePackage ../../../../../../Users/Snoop/Documents/Unreal Projects/Hunter/Content/Characters/Characters_Anim_pLAYERaRMATURE1_Jump1WithGun.uasset
[2017.06.30-10.16.28:390][811]LogSavePackage: Save=8.15ms
[2017.06.30-10.16.28:390][811]LogSavePackage: Moving '../../../../../../Users/Snoop/Documents/Unreal Projects/Hunter/Saved/Characters_Anim_pLAYERaRMATURE1_Run14E14237C40E44BE2309523AC16B94C7A.tmp' to '../../../../../../Users/Snoop/Documents/Unreal Projects/Hunter/Content/Characters/Characters_Anim_pLAYERaRMATURE1_Run1.uasset'
[2017.06.30-10.16.28:391][811]LogSavePackage:Display: Finished SavePackage ../../../../../../Users/Snoop/Documents/Unreal Projects/Hunter/Content/Characters/Characters_Anim_pLAYERaRMATURE1_Run1.uasset
[2017.06.30-10.16.28:412][811]LogSavePackage: Save=8.20ms
[2017.06.30-10.16.28:412][811]LogSavePackage: Moving '../../../../../../Users/Snoop/Documents/Unreal Projects/Hunter/Saved/Characters_Anim_pLAYERaRMATURE1_Run1WithGunE52097074BF7C62521297595DDE24C15.tmp' to '../../../../../../Users/Snoop/Documents/Unreal Projects/Hunter/Content/Characters/Characters_Anim_pLAYERaRMATURE1_Run1WithGun.uasset'
[2017.06.30-10.16.28:413][811]LogSavePackage:Display: Finished SavePackage ../../../../../../Users/Snoop/Documents/Unreal Projects/Hunter/Content/Characters/Characters_Anim_pLAYERaRMATURE1_Run1WithGun.uasset
[2017.06.30-10.16.28:434][811]LogSavePackage: Save=8.17ms
[2017.06.30-10.16.28:434][811]LogSavePackage: Moving '../../../../../../Users/Snoop/Documents/Unreal Projects/Hunter/Saved/Characters_Anim_pLAYERaRMATURE1_Walk1DDF5DC8949C39AB6799197AD003863BB.tmp' to '../../../../../../Users/Snoop/Documents/Unreal Projects/Hunter/Content/Characters/Characters_Anim_pLAYERaRMATURE1_Walk1.uasset'
[2017.06.30-10.16.28:435][811]LogSavePackage:Display: Finished SavePackage ../../../../../../Users/Snoop/Documents/Unreal Projects/Hunter/Content/Characters/Characters_Anim_pLAYERaRMATURE1_Walk1.uasset
[2017.06.30-10.16.28:456][811]LogSavePackage: Save=8.26ms
[2017.06.30-10.16.28:456][811]LogSavePackage: Moving '../../../../../../Users/Snoop/Documents/Unreal Projects/Hunter/Saved/Characters_Anim_pLAYERaRMATURE1_walk1WithGunD840A72043F8024CE5AB5F83CDDB6197.tmp' to '../../../../../../Users/Snoop/Documents/Unreal Projects/Hunter/Content/Characters/Characters_Anim_pLAYERaRMATURE1_walk1WithGun.uasset'
[2017.06.30-10.16.28:457][811]LogSavePackage:Display: Finished SavePackage ../../../../../../Users/Snoop/Documents/Unreal Projects/Hunter/Content/Characters/Characters_Anim_pLAYERaRMATURE1_walk1WithGun.uasset
[2017.06.30-10.16.29:990][950]LogActorComponent: RegisterComponentWithWorld: (/Engine/Transient.World_7:PersistentLevel.Actor_2.DebugSkelMeshComponent_3) Already registered. Aborting.
[2017.06.30-10.16.30:028][950]LogSkeletalMesh: USkeletalMeshComponent::InitArticulated : Bodies already created (/Engine/Transient.World_7:PersistentLevel.Actor_2.DebugSkelMeshComponent_3) - call TermArticulated first.
[2017.06.30-10.16.30:212][950]LogSlate: Took 0.000245 seconds to synchronously load lazily loaded font '../../../Engine/Content/Editor/Slate/Fonts/Roboto-Italic.ttf' (157K)
[2017.06.30-10.16.37:828][527]LogActorComponent: RegisterComponentWithWorld: (/Engine/Transient.World_9:PersistentLevel.Actor_3.DebugSkelMeshComponent_4) Already registered. Aborting.
[2017.06.30-10.16.37:865][527]LogSkeletalMesh: USkeletalMeshComponent::InitArticulated : Bodies already created (/Engine/Transient.World_9:PersistentLevel.Actor_3.DebugSkelMeshComponent_4) - call TermArticulated first.
[2017.06.30-10.16.50:497][525]Cmd: OBJ SAVEPACKAGE PACKAGE="/Game/Characters/Characters_Skeleton" FILE="../../../../../../Users/Snoop/Documents/Unreal Projects/Hunter/Content/Characters/Characters_Skeleton.uasset" SILENT=true
[2017.06.30-10.16.50:502][525]LogSavePackage: Save=1.14ms
[2017.06.30-10.16.50:502][525]LogSavePackage: Moving '../../../../../../Users/Snoop/Documents/Unreal Projects/Hunter/Saved/Characters_SkeletonE590250B417BFBB44F1240B5808AB0D8.tmp' to '../../../../../../Users/Snoop/Documents/Unreal Projects/Hunter/Content/Characters/Characters_Skeleton.uasset'
[2017.06.30-10.16.50:503][525]LogSavePackage:Display: Finished SavePackage ../../../../../../Users/Snoop/Documents/Unreal Projects/Hunter/Content/Characters/Characters_Skeleton.uasset
[2017.06.30-10.16.50:835][544]Cmd: OBJ SAVEPACKAGE PACKAGE="/Game/Characters/Characters_Skeleton" FILE="../../../../../../Users/Snoop/Documents/Unreal Projects/Hunter/Content/Characters/Characters_Skeleton.uasset" SILENT=true
[2017.06.30-10.16.50:838][544]LogSavePackage: Save=1.03ms
[2017.06.30-10.16.50:838][544]LogSavePackage: Moving '../../../../../../Users/Snoop/Documents/Unreal Projects/Hunter/Saved/Characters_SkeletonEF1E23C7467FF2E0D4B49D8908BF1A06.tmp' to '../../../../../../Users/Snoop/Documents/Unreal Projects/Hunter/Content/Characters/Characters_Skeleton.uasset'
[2017.06.30-10.16.50:839][544]LogSavePackage:Display: Finished SavePackage ../../../../../../Users/Snoop/Documents/Unreal Projects/Hunter/Content/Characters/Characters_Skeleton.uasset
[2017.06.30-10.16.58:166][171]LogActorComponent: RegisterComponentWithWorld: (/Engine/Transient.World_10:PersistentLevel.Actor_4.DebugSkelMeshComponent_5) Already registered. Aborting.
[2017.06.30-10.16.58:204][171]LogSkeletalMesh: USkeletalMeshComponent::InitArticulated : Bodies already created (/Engine/Transient.World_10:PersistentLevel.Actor_4.DebugSkelMeshComponent_5) - call TermArticulated first.
[2017.06.30-10.16.58:449][171]LogContentBrowser:Verbose: The majority of assets in the view are of type: AnimSequence
[2017.06.30-10.17.07:385][ 55]LogActorComponent: RegisterComponentWithWorld: (/Engine/Transient.World_12:PersistentLevel.Actor_5.DebugSkelMeshComponent_7) Already registered. Aborting.
[2017.06.30-10.17.07:422][ 55]LogSkeletalMesh: USkeletalMeshComponent::InitArticulated : Bodies already created (/Engine/Transient.World_12:PersistentLevel.Actor_5.DebugSkelMeshComponent_7) - call TermArticulated first.
[2017.06.30-10.17.15:241][691]Cmd: QUIT_EDITOR
[2017.06.30-10.17.15:275][691]LogExit: Preparing to exit.
[2017.06.30-10.17.15:802][691]LogDirectoryWatcher: A directory notification for 'E:/Users/Snoop/Documents/Unreal Projects/Hunter/Content/' was aborted.
[2017.06.30-10.17.15:838][691]LogExit: Editor shut down
[2017.06.30-10.17.15:841][691]LogExit: Transaction tracking system shut down
[2017.06.30-10.17.15:918][691]LogObj: Freed 0b from 0 cluster array pools.
[2017.06.30-10.17.15:918][691]LogExit: Object subsystem successfully closed.
[2017.06.30-10.17.15:944][691]LogD3D11RHI: Shutdown
[2017.06.30-10.17.15:944][691]LogD3D11RHI: CleanupD3DDevice
[2017.06.30-10.17.16:025][691]LogD3D11RHI: ~FD3D11DynamicRHI
[2017.06.30-10.17.16:033][691]LogModuleManager: Shutting down and abandoning module SkeletalMeshEditor (532)
[2017.06.30-10.17.16:033][691]LogModuleManager: Shutting down and abandoning module ClothingSystemEditorInterface (530)
[2017.06.30-10.17.16:033][691]LogModuleManager: Shutting down and abandoning module SkeletonEditor (528)
[2017.06.30-10.17.16:033][691]LogModuleManager: Shutting down and abandoning module AnimationEditor (526)
[2017.06.30-10.17.16:033][691]LogModuleManager: Shutting down and abandoning module HierarchicalLODOutliner (524)
[2017.06.30-10.17.16:033][691]LogModuleManager: Shutting down and abandoning module CrashTracker (522)
[2017.06.30-10.17.16:033][691]LogModuleManager: Shutting down and abandoning module SceneOutliner (520)
[2017.06.30-10.17.16:033][691]LogModuleManager: Shutting down and abandoning module AddContentDialog (518)
[2017.06.30-10.17.16:033][691]LogDirectoryWatcher: A directory notification for 'E:/Program Files/Epic Games/UE_4.16/FeaturePacks/' was aborted.
[2017.06.30-10.17.16:034][691]LogModuleManager: Shutting down and abandoning module WidgetCarousel (517)
[2017.06.30-10.17.16:034][691]LogModuleManager: Shutting down and abandoning module EditorWidgets (514)
[2017.06.30-10.17.16:034][691]LogModuleManager: Shutting down and abandoning module CollectionManager (512)
[2017.06.30-10.17.16:034][691]LogDirectoryWatcher: A directory notification for 'E:/Users/Snoop/Documents/Unreal Projects/Hunter/Content/Collections/' was aborted.
[2017.06.30-10.17.16:034][691]LogDirectoryWatcher: A directory notification for 'E:/Users/Snoop/Documents/Unreal Projects/Hunter/Content/Developers/Snoop/Collections/' was aborted.
[2017.06.30-10.17.16:034][691]LogDirectoryWatcher: A directory notification for 'E:/Users/Snoop/Documents/Unreal Projects/Hunter/Saved/Collections/' was aborted.
[2017.06.30-10.17.16:034][691]LogModuleManager: Shutting down and abandoning module StatsViewer (510)
[2017.06.30-10.17.16:034][691]LogModuleManager: Shutting down and abandoning module FoliageEdit (508)
[2017.06.30-10.17.16:034][691]LogModuleManager: Shutting down and abandoning module LandscapeEditor (506)
[2017.06.30-10.17.16:034][691]LogModuleManager: Shutting down and abandoning module MeshPaintMode (504)
[2017.06.30-10.17.16:034][691]LogModuleManager: Shutting down and abandoning module SceneDepthPickerMode (502)
[2017.06.30-10.17.16:034][691]LogModuleManager: Shutting down and abandoning module ActorPickerMode (500)
[2017.06.30-10.17.16:034][691]LogModuleManager: Shutting down and abandoning module GeometryMode (498)
[2017.06.30-10.17.16:034][691]LogModuleManager: Shutting down and abandoning module TextureAlignMode (496)
[2017.06.30-10.17.16:034][691]LogModuleManager: Shutting down and abandoning module BspMode (494)
[2017.06.30-10.17.16:034][691]LogModuleManager: Shutting down and abandoning module HardwareSurvey (492)
[2017.06.30-10.17.16:034][691]LogModuleManager: Shutting down and abandoning module SequenceRecorderSections (490)
[2017.06.30-10.17.16:034][691]LogModuleManager: Shutting down and abandoning module AutomationWorker (488)
[2017.06.30-10.17.16:034][691]LogModuleManager: Shutting down and abandoning module MatineeToLevelSequence (486)
[2017.06.30-10.17.16:034][691]LogModuleManager: Shutting down and abandoning module LevelSequenceEditor (484)
[2017.06.30-10.17.16:034][691]LogModuleManager: Shutting down and abandoning module PlacementMode (483)
[2017.06.30-10.17.16:034][691]LogModuleManager: Shutting down and abandoning module WmfMediaFactory (480)
[2017.06.30-10.17.16:034][691]LogModuleManager: Shutting down and abandoning module WmfMediaEditor (478)
[2017.06.30-10.17.16:034][691]LogModuleManager: Shutting down and abandoning module AvfMediaFactory (476)
[2017.06.30-10.17.16:034][691]LogModuleManager: Shutting down and abandoning module AvfMediaEditor (474)
[2017.06.30-10.17.16:034][691]LogModuleManager: Shutting down and abandoning module AndroidMediaFactory (472)
[2017.06.30-10.17.16:034][691]LogModuleManager: Shutting down and abandoning module Media (471)
[2017.06.30-10.17.16:035][691]LogModuleManager: Shutting down and abandoning module AndroidMediaEditor (468)
[2017.06.30-10.17.16:035][691]LogModuleManager: Shutting down and abandoning module CharacterAI (466)
[2017.06.30-10.17.16:035][691]LogModuleManager: Shutting down and abandoning module AudioCapture (464)
[2017.06.30-10.17.16:035][691]LogModuleManager: Shutting down and abandoning module SequenceRecorder (463)
[2017.06.30-10.17.16:035][691]LogModuleManager: Shutting down and abandoning module SmartSnapping (460)
[2017.06.30-10.17.16:035][691]LogModuleManager: Shutting down and abandoning module SessionServices (458)
[2017.06.30-10.17.16:035][691]LogModuleManager: Shutting down and abandoning module ViewportSnapping (456)
[2017.06.30-10.17.16:035][691]LogModuleManager: Shutting down and abandoning module ViewportInteraction (454)
[2017.06.30-10.17.16:035][691]LogModuleManager: Shutting down and abandoning module ClothPainter (452)
[2017.06.30-10.17.16:035][691]LogModuleManager: Shutting down and abandoning module LogVisualizer (450)
[2017.06.30-10.17.16:035][691]LogModuleManager: Shutting down and abandoning module IntroTutorials (448)
[2017.06.30-10.17.16:035][691]LogModuleManager: Shutting down and abandoning module GameProjectGeneration (447)
[2017.06.30-10.17.16:035][691]LogModuleManager: Shutting down and abandoning module EditorLiveStreaming (444)
[2017.06.30-10.17.16:035][691]LogModuleManager: Shutting down and abandoning module IOSPlatformEditor (442)
[2017.06.30-10.17.16:035][691]LogModuleManager: Shutting down and abandoning module HTML5PlatformEditor (440)
[2017.06.30-10.17.16:035][691]LogModuleManager: Shutting down and abandoning module AndroidPlatformEditor (438)
[2017.06.30-10.17.16:035][691]LogModuleManager: Shutting down and abandoning module AndroidDeviceDetection (437)
[2017.06.30-10.17.16:989][691]LogModuleManager: Shutting down and abandoning module IOSRuntimeSettings (434)
[2017.06.30-10.17.16:989][691]LogModuleManager: Shutting down and abandoning module AndroidRuntimeSettings (432)
[2017.06.30-10.17.16:989][691]LogModuleManager: Shutting down and abandoning module InputBindingEditor (430)
[2017.06.30-10.17.16:989][691]LogModuleManager: Shutting down and abandoning module MergeActors (428)
[2017.06.30-10.17.16:989][691]LogModuleManager: Shutting down and abandoning module SizeMap (426)
[2017.06.30-10.17.16:989][691]LogModuleManager: Shutting down and abandoning module TreeMap (424)
[2017.06.30-10.17.16:989][691]LogModuleManager: Shutting down and abandoning module ReferenceViewer (422)
[2017.06.30-10.17.16:989][691]LogModuleManager: Shutting down and abandoning module LocalizationDashboard (420)
[2017.06.30-10.17.16:989][691]LogModuleManager: Shutting down and abandoning module LocalizationService (419)
[2017.06.30-10.17.16:989][691]LogModuleManager: Shutting down and abandoning module HardwareTargeting (416)
[2017.06.30-10.17.16:990][691]LogModuleManager: Shutting down and abandoning module DeviceProfileEditor (414)
[2017.06.30-10.17.16:990][691]LogModuleManager: Shutting down and abandoning module UndoHistory (412)
[2017.06.30-10.17.16:990][691]LogModuleManager: Shutting down and abandoning module UserFeedback (410)
[2017.06.30-10.17.16:990][691]LogModuleManager: Shutting down and abandoning module XmlParser (408)
[2017.06.30-10.17.16:990][691]LogModuleManager: Shutting down and abandoning module Blutility (406)
[2017.06.30-10.17.16:990][691]LogModuleManager: Shutting down and abandoning module ProjectSettingsViewer (404)
[2017.06.30-10.17.16:990][691]LogModuleManager: Shutting down and abandoning module ProjectTargetPlatformEditor (403)
[2017.06.30-10.17.16:990][691]LogModuleManager: Shutting down and abandoning module EditorSettingsViewer (400)
[2017.06.30-10.17.16:990][691]LogModuleManager: Shutting down and abandoning module SettingsEditor (398)
[2017.06.30-10.17.16:990][691]LogModuleManager: Shutting down and abandoning module ProjectLauncher (396)
[2017.06.30-10.17.16:990][691]LogModuleManager: Shutting down and abandoning module SessionFrontend (394)
[2017.06.30-10.17.16:990][691]LogModuleManager: Shutting down and abandoning module ProfilerClient (392)
[2017.06.30-10.17.16:990][691]LogModuleManager: Shutting down and abandoning module DeviceManager (390)
[2017.06.30-10.17.16:990][691]LogModuleManager: Shutting down and abandoning module TargetDeviceServices (389)
[2017.06.30-10.17.17:040][691]LogModuleManager: Shutting down and abandoning module AutomationController (386)
[2017.06.30-10.17.17:040][691]LogModuleManager: Shutting down and abandoning module AutomationWindow (384)
[2017.06.30-10.17.17:040][691]LogModuleManager: Shutting down and abandoning module Layers (382)
[2017.06.30-10.17.17:040][691]LogModuleManager: Shutting down and abandoning module ComponentVisualizers (380)
[2017.06.30-10.17.17:040][691]LogModuleManager: Shutting down and abandoning module DetailCustomizations (378)
[2017.06.30-10.17.17:040][691]LogModuleManager: Shutting down and abandoning module PackagesDialog (376)
[2017.06.30-10.17.17:040][691]LogModuleManager: Shutting down and abandoning module Persona (374)
[2017.06.30-10.17.17:040][691]LogModuleManager: Shutting down and abandoning module AdvancedPreviewScene (373)
[2017.06.30-10.17.17:040][691]LogModuleManager: Shutting down and abandoning module AnimGraph (371)
[2017.06.30-10.17.17:040][691]LogModuleManager: Shutting down and abandoning module Kismet (368)
[2017.06.30-10.17.17:041][691]LogModuleManager: Shutting down and abandoning module ClassViewer (366)
[2017.06.30-10.17.17:041][691]LogModuleManager: Shutting down and abandoning module Toolbox (364)
[2017.06.30-10.17.17:041][691]LogModuleManager: Shutting down and abandoning module ModuleUI (362)
[2017.06.30-10.17.17:041][691]LogModuleManager: Shutting down and abandoning module MovieSceneTools (360)
[2017.06.30-10.17.17:041][691]LogModuleManager: Shutting down and abandoning module OutputLog (358)
[2017.06.30-10.17.17:041][691]LogModuleManager: Shutting down and abandoning module GammaUI (356)
[2017.06.30-10.17.17:041][691]LogModuleManager: Shutting down and abandoning module Documentation (354)
[2017.06.30-10.17.17:041][691]LogModuleManager: Shutting down and abandoning module MovieSceneTracks (352)
[2017.06.30-10.17.17:041][691]LogModuleManager: Shutting down and abandoning module MovieScene (350)
[2017.06.30-10.17.17:041][691]LogModuleManager: Shutting down and abandoning module Niagara (348)
[2017.06.30-10.17.17:041][691]LogModuleManager: Shutting down and abandoning module NiagaraEditor (347)
[2017.06.30-10.17.17:041][691]LogModuleManager: Shutting down and abandoning module StreamingPauseRendering (344)
[2017.06.30-10.17.17:041][691]LogModuleManager: Shutting down and abandoning module AnalyticsET (342)
[2017.06.30-10.17.17:041][691]LogModuleManager: Shutting down and abandoning module PortalServices (340)
[2017.06.30-10.17.17:041][691]LogModuleManager: Shutting down and abandoning module PortalRpc (338)
[2017.06.30-10.17.17:041][691]LogModuleManager: Shutting down and abandoning module MessagingRpc (336)
[2017.06.30-10.17.17:041][691]LogModuleManager: Shutting down and abandoning module AIModule (334)
[2017.06.30-10.17.17:042][691]LogModuleManager: Shutting down and abandoning module GameplayDebugger (333)
[2017.06.30-10.17.17:042][691]LogModuleManager: Shutting down and abandoning module AITestSuite (331)
[2017.06.30-10.17.17:042][691]LogModuleManager: Shutting down and abandoning module ProfilerService (328)
[2017.06.30-10.17.17:101][691]LogModuleManager: Shutting down and abandoning module TaskGraph (326)
[2017.06.30-10.17.17:101][691]LogModuleManager: Shutting down and abandoning module SteamVRController (324)
[2017.06.30-10.17.17:101][691]LogModuleManager: Shutting down and abandoning module SteamVR (322)
[2017.06.30-10.17.17:101][691]LogModuleManager: Shutting down and abandoning module ProceduralMeshComponentEditor (320)
[2017.06.30-10.17.17:101][691]LogModuleManager: Shutting down and abandoning module ProceduralMeshComponent (318)
[2017.06.30-10.17.17:101][691]LogModuleManager: Shutting down and abandoning module OculusLibrary (316)
[2017.06.30-10.17.17:101][691]LogModuleManager: Shutting down and abandoning module OculusInput (314)
[2017.06.30-10.17.17:101][691]LogModuleManager: Shutting down and abandoning module MobilePatchingUtils (312)
[2017.06.30-10.17.17:101][691]LogModuleManager: Shutting down and abandoning module CustomMeshComponent (310)
[2017.06.30-10.17.17:101][691]LogModuleManager: Shutting down and abandoning module CableComponent (308)
[2017.06.30-10.17.17:101][691]LogModuleManager: Shutting down and abandoning module ArchVisCharacter (306)
[2017.06.30-10.17.17:101][691]LogModuleManager: Shutting down and abandoning module AndroidPermission (304)
[2017.06.30-10.17.17:102][691]LogModuleManager: Shutting down and abandoning module MediaPlayerEditor (300)
[2017.06.30-10.17.17:102][691]LogModuleManager: Shutting down and abandoning module HTML5Networking (298)
[2017.06.30-10.17.17:102][691]LogModuleManager: Shutting down and abandoning module AlembicImporter (296)
[2017.06.30-10.17.17:102][691]LogModuleManager: Shutting down and abandoning module AlembicLibrary (295)
[2017.06.30-10.17.17:102][691]LogModuleManager: Shutting down and abandoning module GeometryCache (294)
[2017.06.30-10.17.17:102][691]LogModuleManager: Shutting down and abandoning module GeometryCacheEd (293)
[2017.06.30-10.17.17:102][691]LogModuleManager: Shutting down and abandoning module SuperSearchEditor (288)
[2017.06.30-10.17.17:102][691]LogModuleManager: Shutting down and abandoning module SuperSearch (287)
[2017.06.30-10.17.17:102][691]LogModuleManager: Shutting down and abandoning module SpeedTreeImporter (284)
[2017.06.30-10.17.17:102][691]LogModuleManager: Shutting down and abandoning module PluginBrowser (282)
[2017.06.30-10.17.17:102][691]LogModuleManager: Shutting down and abandoning module MobileLauncherProfileWizard (280)
[2017.06.30-10.17.17:102][691]LogModuleManager: Shutting down and abandoning module VisualStudioSourceCodeAccess (278)
[2017.06.30-10.17.17:102][691]LogModuleManager: Shutting down and abandoning module DesktopPlatform (277)
[2017.06.30-10.17.17:102][691]LogModuleManager: Shutting down and abandoning module UObjectPlugin (274)
[2017.06.30-10.17.17:102][691]LogModuleManager: Shutting down and abandoning module SubversionSourceControl (272)
[2017.06.30-10.17.17:102][691]LogModuleManager: Shutting down and abandoning module PerforceSourceControl (270)
[2017.06.30-10.17.17:102][691]LogModuleManager: Shutting down and abandoning module GitSourceControl (268)
[2017.06.30-10.17.17:102][691]LogModuleManager: Shutting down and abandoning module SourceControl (267)
[2017.06.30-10.17.17:102][691]LogModuleManager: Shutting down and abandoning module LightPropagationVolumeEditor (264)
[2017.06.30-10.17.17:102][691]LogModuleManager: Shutting down and abandoning module PaperTiledImporter (262)
[2017.06.30-10.17.17:102][691]LogModuleManager: Shutting down and abandoning module PaperSpriteSheetImporter (260)
[2017.06.30-10.17.17:102][691]LogModuleManager: Shutting down and abandoning module Paper2DEditor (258)
[2017.06.30-10.17.17:102][691]LogModuleManager: Shutting down and abandoning module MeshPaint (257)
[2017.06.30-10.17.17:102][691]LogModuleManager: Shutting down and abandoning module LevelEditor (255)
[2017.06.30-10.17.17:104][691]LogModuleManager: Shutting down and abandoning module PixelInspectorModule (254)
[2017.06.30-10.17.17:104][691]LogModuleManager: Shutting down and abandoning module MainFrame (252)
[2017.06.30-10.17.17:104][691]LogModuleManager: Shutting down and abandoning module HotReload (251)
[2017.06.30-10.17.17:104][691]LogModuleManager: Shutting down and abandoning module PhysXVehiclesEditor (246)
[2017.06.30-10.17.17:104][691]LogModuleManager: Shutting down and abandoning module PhysXVehicles (244)
[2017.06.30-10.17.17:105][691]LogModuleManager: Shutting down and abandoning module LocationServicesBPLibrary (242)
[2017.06.30-10.17.17:105][691]LogModuleManager: Shutting down and abandoning module ImmediatePhysicsEditor (240)
[2017.06.30-10.17.17:105][691]LogModuleManager: Shutting down and abandoning module ImmediatePhysics (238)
[2017.06.30-10.17.17:105][691]LogModuleManager: Shutting down and abandoning module UdpMessaging (236)
[2017.06.30-10.17.17:205][691]LogModuleManager: Shutting down and abandoning module TcpMessaging (234)
[2017.06.30-10.17.17:305][691]LogModuleManager: Shutting down and abandoning module GameplayTagsEditor (232)
[2017.06.30-10.17.17:305][691]LogModuleManager: Shutting down and abandoning module FacialAnimationEditor (230)
[2017.06.30-10.17.17:305][691]LogModuleManager: Shutting down and abandoning module FacialAnimation (228)
[2017.06.30-10.17.17:305][691]LogModuleManager: Shutting down and abandoning module AssetManagerEditor (226)
[2017.06.30-10.17.17:305][691]LogModuleManager: Shutting down and abandoning module GraphEditor (225)
[2017.06.30-10.17.17:305][691]LogModuleManager: Shutting down and abandoning module ContentBrowser (223)
[2017.06.30-10.17.17:306][691]LogModuleManager: Shutting down and abandoning module LightPropagationVolumeRuntime (220)
[2017.06.30-10.17.17:306][691]LogModuleManager: Shutting down and abandoning module Paper2D (218)
[2017.06.30-10.17.17:306][691]LogModuleManager: Shutting down and abandoning module WindowsMoviePlayer (216)
[2017.06.30-10.17.17:306][691]LogModuleManager: Shutting down and abandoning module WmfMedia (214)
[2017.06.30-10.17.17:306][691]LogModuleManager: Shutting down and abandoning module ClothingSystemEditor (212)
[2017.06.30-10.17.17:306][691]LogModuleManager: Shutting down and abandoning module ClothingSystemRuntime (210)
[2017.06.30-10.17.17:307][691]LogModuleManager: Shutting down and abandoning module MediaAssets (208)
[2017.06.30-10.17.17:307][691]LogModuleManager: Shutting down and abandoning module GameLiveStreaming (206)
[2017.06.30-10.17.17:307][691]LogModuleManager: Shutting down and abandoning module VREditor (204)
[2017.06.30-10.17.17:307][691]LogModuleManager: Shutting down and abandoning module StringTableEditor (202)
[2017.06.30-10.17.17:307][691]LogModuleManager: Shutting down and abandoning module GameplayTasksEditor (200)
[2017.06.30-10.17.17:307][691]LogModuleManager: Shutting down and abandoning module BehaviorTreeEditor (198)
[2017.06.30-10.17.17:307][691]LogModuleManager: Shutting down and abandoning module FunctionalTesting (196)
[2017.06.30-10.17.17:307][691]LogModuleManager: Shutting down and abandoning module CollisionAnalyzer (194)
[2017.06.30-10.17.17:307][691]LogModuleManager: Shutting down and abandoning module UMG (192)
[2017.06.30-10.17.17:307][691]LogModuleManager: Shutting down and abandoning module UMGEditor (191)
[2017.06.30-10.17.17:307][691]LogModuleManager: Shutting down and abandoning module Sequencer (190)
[2017.06.30-10.17.17:307][691]LogModuleManager: Shutting down and abandoning module AssetTools (188)
[2017.06.30-10.17.17:307][691]LogModuleManager: Shutting down and abandoning module MessageLog (187)
[2017.06.30-10.17.17:307][691]LogModuleManager: Shutting down and abandoning module WorkspaceMenuStructure (186)
[2017.06.30-10.17.17:307][691]LogModuleManager: Shutting down and abandoning module SlateReflector (180)
[2017.06.30-10.17.17:307][691]LogModuleManager: Shutting down and abandoning module Slate (178)
[2017.06.30-10.17.17:307][691]LogModuleManager: Shutting down and abandoning module EditorStyle (176)
[2017.06.30-10.17.17:309][691]LogModuleManager: Shutting down and abandoning module SourceCodeAccess (174)
[2017.06.30-10.17.17:309][691]LogModuleManager: Shutting down and abandoning module HeadMountedDisplay (172)
[2017.06.30-10.17.17:309][691]LogModuleManager: Shutting down and abandoning module XAudio2 (170)
[2017.06.30-10.17.17:309][691]LogModuleManager: Shutting down and abandoning module Networking (168)
[2017.06.30-10.17.17:309][691]LogModuleManager: Shutting down and abandoning module Core (164)
[2017.06.30-10.17.17:309][691]LogModuleManager: Shutting down and abandoning module AssetRegistry (162)
[2017.06.30-10.17.17:455][691]LogDirectoryWatcher: A directory notification for '../../../Engine/Content/' was aborted.
[2017.06.30-10.17.17:455][691]LogDirectoryWatcher: A directory notification for '../../../../../../Users/Snoop/Documents/Unreal Projects/Hunter/Content/' was aborted.
[2017.06.30-10.17.17:455][691]LogDirectoryWatcher: A directory notification for '../../../Engine/Plugins/2D/Paper2D/Content/' was aborted.
[2017.06.30-10.17.17:455][691]LogDirectoryWatcher: A directory notification for '../../../Engine/Plugins/Runtime/GearVR/Content/' was aborted.
[2017.06.30-10.17.17:458][691]LogModuleManager: Shutting down and abandoning module DirectoryWatcher (161)
[2017.06.30-10.17.17:459][691]LogModuleManager: Shutting down and abandoning module KismetCompiler (158)
[2017.06.30-10.17.17:459][691]LogModuleManager: Shutting down and abandoning module PhysXFormats (156)
[2017.06.30-10.17.17:459][691]LogModuleManager: Shutting down and abandoning module MeshUtilities (154)
[2017.06.30-10.17.17:459][691]LogModuleManager: Shutting down and abandoning module SimplygonSwarm (153)
[2017.06.30-10.17.17:459][691]LogModuleManager: Shutting down and abandoning module SimplygonMeshReduction (151)
[2017.06.30-10.17.17:459][691]LogModuleManager: Shutting down and abandoning module QuadricMeshReduction (149)
[2017.06.30-10.17.17:459][691]LogModuleManager: Shutting down and abandoning module LevelSequence (146)
[2017.06.30-10.17.17:459][691]LogModuleManager: Shutting down and abandoning module DerivedDataCache (144)
[2017.06.30-10.17.17:525][691]LogDerivedDataCache: Shutdown
[2017.06.30-10.17.17:525][691]LogModuleManager: Shutting down and abandoning module TargetPlatform (142)
[2017.06.30-10.17.17:525][691]LogModuleManager: Shutting down and abandoning module VulkanShaderFormat (141)
[2017.06.30-10.17.17:525][691]LogModuleManager: Shutting down and abandoning module ShaderFormatVectorVM (139)
[2017.06.30-10.17.17:525][691]LogModuleManager: Shutting down and abandoning module ShaderFormatOpenGL (137)
[2017.06.30-10.17.17:526][691]LogModuleManager: Shutting down and abandoning module ShaderFormatD3D (135)
[2017.06.30-10.17.17:526][691]LogModuleManager: Shutting down and abandoning module MetalShaderFormat (133)
[2017.06.30-10.17.17:526][691]LogModuleManager: Shutting down and abandoning module TextureFormatUncompressed (131)
[2017.06.30-10.17.17:526][691]LogModuleManager: Shutting down and abandoning module TextureFormatPVR (129)
[2017.06.30-10.17.17:526][691]LogModuleManager: Shutting down and abandoning module TextureFormatDXT (127)
[2017.06.30-10.17.17:526][691]LogModuleManager: Shutting down and abandoning module TextureFormatIntelISPCTexComp (125)
[2017.06.30-10.17.17:526][691]LogModuleManager: Shutting down and abandoning module TextureFormatASTC (123)
[2017.06.30-10.17.17:526][691]LogModuleManager: Shutting down and abandoning module ImageWrapper (122)
[2017.06.30-10.17.17:526][691]LogModuleManager: Shutting down and abandoning module TextureFormatAndroid (119)
[2017.06.30-10.17.17:526][691]LogModuleManager: Shutting down and abandoning module AudioFormatOpus (117)
[2017.06.30-10.17.17:526][691]LogModuleManager: Shutting down and abandoning module AudioFormatOgg (115)
[2017.06.30-10.17.17:526][691]LogModuleManager: Shutting down and abandoning module AudioFormatADPCM (113)
[2017.06.30-10.17.17:526][691]LogModuleManager: Shutting down and abandoning module LinuxTargetPlatform (111)
[2017.06.30-10.17.17:526][691]LogModuleManager: Shutting down and abandoning module LinuxServerTargetPlatform (109)
[2017.06.30-10.17.17:526][691]LogModuleManager: Shutting down and abandoning module LinuxNoEditorTargetPlatform (107)
[2017.06.30-10.17.17:526][691]LogModuleManager: Shutting down and abandoning module LinuxClientTargetPlatform (105)
[2017.06.30-10.17.17:526][691]LogModuleManager: Shutting down and abandoning module TVOSTargetPlatform (103)
[2017.06.30-10.17.17:526][691]LogModuleManager: Shutting down and abandoning module Messaging (101)
[2017.06.30-10.17.17:526][691]LogModuleManager: Shutting down and abandoning module IOSTargetPlatform (99)
[2017.06.30-10.17.17:526][691]LogModuleManager: Shutting down and abandoning module HTML5TargetPlatform (97)
[2017.06.30-10.17.17:526][691]LogModuleManager: Shutting down and abandoning module Android_PVRTCTargetPlatform (95)
[2017.06.30-10.17.17:526][691]LogModuleManager: Shutting down and abandoning module Android_MultiTargetPlatform (93)
[2017.06.30-10.17.17:526][691]LogModuleManager: Shutting down and abandoning module Android_ETC2TargetPlatform (91)
[2017.06.30-10.17.17:526][691]LogModuleManager: Shutting down and abandoning module Android_ETC1TargetPlatform (89)
[2017.06.30-10.17.17:526][691]LogModuleManager: Shutting down and abandoning module Android_DXTTargetPlatform (87)
[2017.06.30-10.17.17:526][691]LogModuleManager: Shutting down and abandoning module Android_ATCTargetPlatform (85)
[2017.06.30-10.17.17:526][691]LogModuleManager: Shutting down and abandoning module Android_ASTCTargetPlatform (83)
[2017.06.30-10.17.17:526][691]LogModuleManager: Shutting down and abandoning module AndroidTargetPlatform (81)
[2017.06.30-10.17.17:526][691]LogModuleManager: Shutting down and abandoning module WindowsTargetPlatform (79)
[2017.06.30-10.17.17:526][691]LogModuleManager: Shutting down and abandoning module WindowsServerTargetPlatform (77)
[2017.06.30-10.17.17:526][691]LogModuleManager: Shutting down and abandoning module WindowsNoEditorTargetPlatform (75)
[2017.06.30-10.17.17:526][691]LogModuleManager: Shutting down and abandoning module WindowsClientTargetPlatform (73)
[2017.06.30-10.17.17:526][691]LogModuleManager: Shutting down and abandoning module MacTargetPlatform (71)
[2017.06.30-10.17.17:526][691]LogModuleManager: Shutting down and abandoning module MacServerTargetPlatform (69)
[2017.06.30-10.17.17:526][691]LogModuleManager: Shutting down and abandoning module MacNoEditorTargetPlatform (67)
[2017.06.30-10.17.17:526][691]LogModuleManager: Shutting down and abandoning module MacClientTargetPlatform (65)
[2017.06.30-10.17.17:526][691]LogModuleManager: Shutting down and abandoning module AllDesktopTargetPlatform (63)
[2017.06.30-10.17.17:526][691]LogModuleManager: Shutting down and abandoning module InputCore (60)
[2017.06.30-10.17.17:526][691]LogModuleManager: Shutting down and abandoning module Settings (58)
[2017.06.30-10.17.17:526][691]LogModuleManager: Shutting down and abandoning module OculusRift (56)
[2017.06.30-10.17.17:526][691]LogModuleManager: Shutting down and abandoning module GearVRController (54)
[2017.06.30-10.17.17:527][691]LogModuleManager: Shutting down and abandoning module GearVR (52)
[2017.06.30-10.17.17:527][691]LogModuleManager: Shutting down and abandoning module ExampleDeviceProfileSelector (50)
[2017.06.30-10.17.17:527][691]LogModuleManager: Shutting down and abandoning module OnlineBlueprintSupport (48)
[2017.06.30-10.17.17:527][691]LogModuleManager: Shutting down and abandoning module OnlineSubsystem (44)
[2017.06.30-10.17.17:527][691]LogOnline:Display: Unloading online subsystem: NULL
[2017.06.30-10.17.17:527][691]LogModuleManager: Shutting down and abandoning module XMPP (43)
[2017.06.30-10.17.17:527][691]LogModuleManager: Shutting down and abandoning module HTTP (41)
[2017.06.30-10.17.17:527][691]LogHttp:Display: Http module shutting down, but needs to wait on 1 outstanding Http requests:
[2017.06.30-10.17.17:527][691]LogHttp:Display: 	verb=[POST] url=[https://datarouter.ol.epicgames.com/datarouter/api/v1/public/data?SessionID=%7BE70A8384-4AE7-0E89-368D-28A6F16B40B2%7D&AppID=UEEditor.Rocket.Release&AppVersion=4.16.1-3466753%2B%2B%2BUE4%2BRelease-4.16&UserID=224b35ff4c00648a6be109ae031f565d%7C773ba4b695bb488aa0145bdf7583c62d%7C5512e828-bdb3-47f2-8d16-e7b5134f7983&AppEnvironment=datacollector-binary&UploadType=eteventstream] status=Processing
[2017.06.30-10.17.17:536][691]LogModuleManager: Shutting down and abandoning module SSL (40)
[2017.06.30-10.17.17:538][691]LogModuleManager: Shutting down and abandoning module HTTPChunkInstaller (36)
[2017.06.30-10.17.17:539][691]LogModuleManager: Shutting down and abandoning module AnimationModifiers (34)
[2017.06.30-10.17.17:539][691]LogModuleManager: Shutting down and abandoning module PropertyEditor (33)
[2017.06.30-10.17.17:539][691]LogModuleManager: Shutting down and abandoning module AudioEditor (30)
[2017.06.30-10.17.17:539][691]LogModuleManager: Shutting down and abandoning module TextureCompressor (28)
[2017.06.30-10.17.17:539][691]LogModuleManager: Shutting down and abandoning module ShaderCore (26)
[2017.06.30-10.17.17:539][691]LogModuleManager: Shutting down and abandoning module Landscape (24)
[2017.06.30-10.17.17:539][691]LogModuleManager: Shutting down and abandoning module SlateRHIRenderer (22)
[2017.06.30-10.17.17:540][691]LogModuleManager: Shutting down and abandoning module OpenGLDrv (20)
[2017.06.30-10.17.17:540][691]LogModuleManager: Shutting down and abandoning module D3D11RHI (18)
[2017.06.30-10.17.17:540][691]LogModuleManager: Shutting down and abandoning module AnimGraphRuntime (16)
[2017.06.30-10.17.17:540][691]LogModuleManager: Shutting down and abandoning module Renderer (14)
[2017.06.30-10.17.17:540][691]LogModuleManager: Shutting down and abandoning module Engine (12)
[2017.06.30-10.17.17:540][691]LogModuleManager: Shutting down and abandoning module CoreUObject (10)
[2017.06.30-10.17.17:540][691]LogModuleManager: Shutting down and abandoning module NetworkFile (8)
[2017.06.30-10.17.17:540][691]LogModuleManager: Shutting down and abandoning module StreamingFile (6)
[2017.06.30-10.17.17:541][691]LogModuleManager: Shutting down and abandoning module SandboxFile (4)
[2017.06.30-10.17.17:541][691]LogModuleManager: Shutting down and abandoning module PakFile (2)
[2017.06.30-10.17.17:543][691]LogExit: Exiting.
[2017.06.30-10.17.17:568][691]Log file closed, 06/30/17 11:17:17
